<<<<<<< HEAD
INFO 2022-05-10 10:17:09,647 autoreload 677 Watching for file changes with StatReloader
INFO 2022-05-10 10:17:12,573 io 458 created photo487
INFO 2022-05-10 10:17:12,764 io 458 created photo488
INFO 2022-05-10 10:17:12,929 io 458 created photo489
INFO 2022-05-10 10:17:13,117 io 458 created photo490
INFO 2022-05-10 10:17:13,291 io 458 created photo491
INFO 2022-05-10 10:17:13,510 io 458 created photo492
INFO 2022-05-10 10:17:13,767 io 458 created photo493
INFO 2022-05-10 10:17:13,936 io 458 created photo494
INFO 2022-05-10 10:17:14,357 io 458 created photo495
INFO 2022-05-10 10:17:14,596 io 458 created photo496
INFO 2022-05-10 10:17:14,990 io 458 created photo497
INFO 2022-05-10 10:17:15,295 io 458 created photo498
INFO 2022-05-10 10:17:15,489 io 458 created photo499
INFO 2022-05-10 10:17:15,650 views 1129 493 start fixing
INFO 2022-05-10 10:17:15,725 views 1129 494 start fixing
INFO 2022-05-10 10:17:15,862 ai_fix 199 495 send
INFO 2022-05-10 10:17:15,880 ai_fix 199 498 send
INFO 2022-05-10 10:17:15,918 io 458 created photo500
INFO 2022-05-10 10:17:15,993 io 458 created photo501
INFO 2022-05-10 10:17:16,036 io 458 created photo502
INFO 2022-05-10 10:17:16,094 io 458 created photo503
INFO 2022-05-10 10:17:16,134 io 458 created photo504
INFO 2022-05-10 10:17:16,236 io 458 created photo505
INFO 2022-05-10 10:17:16,511 io 458 created photo506
INFO 2022-05-10 10:17:16,709 io 458 created photo507
INFO 2022-05-10 10:17:16,918 io 458 created photo508
INFO 2022-05-10 10:17:16,957 io 458 created photo509
INFO 2022-05-10 10:17:17,022 io 458 created photo510
INFO 2022-05-10 10:17:17,061 io 458 created photo511
INFO 2022-05-10 10:17:17,187 io 458 created photo512
INFO 2022-05-10 10:17:17,234 io 458 created photo513
INFO 2022-05-10 10:17:18,699 ai_fix 128 499 send
INFO 2022-05-10 10:17:18,934 ai_fix 128 496 send
INFO 2022-05-10 10:17:22,370 basehttp 187 "POST /api/fixupload HTTP/1.1" 200 34
INFO 2022-05-10 10:17:22,395 io 458 created photo514
INFO 2022-05-10 10:17:22,543 basehttp 187 "POST /api/search HTTP/1.1" 200 48
INFO 2022-05-10 10:17:22,570 basehttp 187 "POST /api/search HTTP/1.1" 200 48
ERROR 2022-05-10 10:17:23,002 log 241 Internal Server Error: /api/fixupload
Traceback (most recent call last):
  File "/home/wsllxj/anaconda3/lib/python3.9/site-packages/django/core/handlers/exception.py", line 55, in inner
    response = get_response(request)
  File "/home/wsllxj/anaconda3/lib/python3.9/site-packages/django/core/handlers/base.py", line 197, in _get_response
    response = wrapped_callback(request, *callback_args, **callback_kwargs)
  File "/home/wsllxj/gcdll-back/gallery/views.py", line 1031, in fixupload_photos
    return fixupload_photos_body(request, user_id)
  File "/home/wsllxj/gcdll-back/gallery/views.py", line 1044, in fixupload_photos_body
    body = json.loads(request.body)
  File "/home/wsllxj/anaconda3/lib/python3.9/json/__init__.py", line 346, in loads
    return _default_decoder.decode(s)
  File "/home/wsllxj/anaconda3/lib/python3.9/json/decoder.py", line 337, in decode
    obj, end = self.raw_decode(s, idx=_w(s, 0).end())
  File "/home/wsllxj/anaconda3/lib/python3.9/json/decoder.py", line 353, in raw_decode
    obj, end = self.scan_once(s, idx)
json.decoder.JSONDecodeError: Unterminated string starting at: line 1 column 75 (char 74)
INFO 2022-05-10 10:17:23,150 basehttp 187 "POST /api/search HTTP/1.1" 200 1486
INFO 2022-05-10 10:17:23,162 basehttp 187 "POST /api/search HTTP/1.1" 200 1486
INFO 2022-05-10 10:17:23,168 basehttp 187 "POST /api/search HTTP/1.1" 200 1486
INFO 2022-05-10 10:17:23,205 basehttp 187 "GET /static/photo/raw/497.jpeg HTTP/1.1" 200 24323
INFO 2022-05-10 10:17:23,216 basehttp 187 "GET /static/photo/raw/492.jpeg HTTP/1.1" 200 22140
INFO 2022-05-10 10:17:23,221 basehttp 187 "GET /static/photo/raw/490.jpeg HTTP/1.1" 200 31346
INFO 2022-05-10 10:17:23,224 basehttp 187 "GET /static/photo/raw/491.jpeg HTTP/1.1" 200 48489
INFO 2022-05-10 10:17:23,247 basehttp 187 "POST /api/search HTTP/1.1" 200 1674
INFO 2022-05-10 10:17:23,260 basehttp 187 "POST /api/search HTTP/1.1" 200 1674
INFO 2022-05-10 10:17:23,265 basehttp 187 "POST /api/search HTTP/1.1" 200 1674
INFO 2022-05-10 10:17:23,268 basehttp 187 "GET /static/photo/raw/489.jpeg HTTP/1.1" 200 276494
INFO 2022-05-10 10:17:23,293 basehttp 187 "GET /static/photo/raw/493.jpeg HTTP/1.1" 200 56997
INFO 2022-05-10 10:17:23,294 basehttp 187 "GET /static/photo/processed/495.jpeg HTTP/1.1" 200 95318
INFO 2022-05-10 10:17:23,300 basehttp 187 "GET /static/photo/processed/498.jpeg HTTP/1.1" 200 224752
INFO 2022-05-10 10:17:23,301 basehttp 187 "GET /static/photo/processed/496.jpeg HTTP/1.1" 200 266442
INFO 2022-05-10 10:17:23,302 basehttp 187 "GET /static/photo/processed/499.jpeg HTTP/1.1" 200 584549
INFO 2022-05-10 10:17:23,306 basehttp 187 "GET /static/photo/raw/494.jpeg HTTP/1.1" 200 17497
INFO 2022-05-10 10:17:23,392 io 458 created photo515
INFO 2022-05-10 10:17:23,408 basehttp 187 "POST /api/search HTTP/1.1" 200 48
INFO 2022-05-10 10:17:23,415 basehttp 187 "POST /api/search HTTP/1.1" 200 48
INFO 2022-05-10 10:17:23,582 basehttp 187 "POST /api/search HTTP/1.1" 200 1486
INFO 2022-05-10 10:17:23,584 basehttp 187 "POST /api/search HTTP/1.1" 200 1674
INFO 2022-05-10 10:17:23,591 basehttp 187 "GET /static/photo/raw/514.jpeg HTTP/1.1" 200 31054
INFO 2022-05-10 10:17:23,612 io 458 created photo516
INFO 2022-05-10 10:17:23,903 io 458 created photo517
INFO 2022-05-10 10:17:23,993 basehttp 187 "POST /api/search HTTP/1.1" 200 48
INFO 2022-05-10 10:17:24,392 basehttp 187 "POST /api/search HTTP/1.1" 200 1486
INFO 2022-05-10 10:17:24,401 basehttp 187 "POST /api/search HTTP/1.1" 200 1674
INFO 2022-05-10 10:17:24,470 views 1129 491 start fixing
INFO 2022-05-10 10:17:24,546 io 458 created photo518
INFO 2022-05-10 10:17:24,729 io 458 created photo519
INFO 2022-05-10 10:17:25,093 io 458 created photo520
INFO 2022-05-10 10:17:25,285 basehttp 187 "POST /api/fixupload HTTP/1.1" 200 34
INFO 2022-05-10 10:17:25,415 io 458 created photo521
INFO 2022-05-10 10:17:25,687 views 1129 490 start fixing
INFO 2022-05-10 10:17:25,868 io 458 created photo522
INFO 2022-05-10 10:17:26,266 basehttp 187 "GET /api/repair?id=490 HTTP/1.1" 200 1149
INFO 2022-05-10 10:17:26,269 basehttp 187 "GET /api/repair?id=497 HTTP/1.1" 200 1174
INFO 2022-05-10 10:17:26,289 basehttp 187 "GET /api/repair?id=492 HTTP/1.1" 200 1174
INFO 2022-05-10 10:17:26,290 basehttp 187 "GET /api/repair?id=514 HTTP/1.1" 200 1174
INFO 2022-05-10 10:17:26,323 io 458 created photo523
INFO 2022-05-10 10:17:26,447 basehttp 187 "GET /api/repair?id=491 HTTP/1.1" 200 1174
INFO 2022-05-10 10:17:26,475 basehttp 187 "POST /api/search HTTP/1.1" 200 1444
INFO 2022-05-10 10:17:26,475 basehttp 187 "POST /api/search HTTP/1.1" 200 1674
INFO 2022-05-10 10:17:26,486 basehttp 187 "GET /static/photo/raw/519.jpeg HTTP/1.1" 200 181935
INFO 2022-05-10 10:17:26,489 basehttp 187 "GET /static/photo/raw/516.jpeg HTTP/1.1" 200 458547
INFO 2022-05-10 10:17:26,566 basehttp 187 "POST /api/search HTTP/1.1" 200 1444
INFO 2022-05-10 10:17:26,576 basehttp 187 "POST /api/search HTTP/1.1" 200 1674
INFO 2022-05-10 10:17:26,643 basehttp 187 "POST /api/search HTTP/1.1" 200 48
INFO 2022-05-10 10:17:26,675 basehttp 187 "POST /api/search HTTP/1.1" 200 1444
INFO 2022-05-10 10:17:26,737 io 458 created photo524
INFO 2022-05-10 10:17:26,782 basehttp 187 "POST /api/search HTTP/1.1" 200 48
INFO 2022-05-10 10:17:26,795 basehttp 187 "POST /api/search HTTP/1.1" 200 48
INFO 2022-05-10 10:17:26,876 basehttp 187 "POST /api/search HTTP/1.1" 200 48
INFO 2022-05-10 10:17:26,947 basehttp 187 "POST /api/search HTTP/1.1" 200 48
INFO 2022-05-10 10:17:27,162 basehttp 187 "POST /api/search HTTP/1.1" 200 1444
INFO 2022-05-10 10:17:27,199 basehttp 187 "POST /api/search HTTP/1.1" 200 1444
INFO 2022-05-10 10:17:27,212 basehttp 187 "GET /static/photo/raw/521.jpeg HTTP/1.1" 200 232493
INFO 2022-05-10 10:17:27,219 basehttp 187 "POST /api/search HTTP/1.1" 200 1674
INFO 2022-05-10 10:17:27,224 basehttp 187 "POST /api/search HTTP/1.1" 200 1674
INFO 2022-05-10 10:17:27,228 basehttp 187 "POST /api/search HTTP/1.1" 200 1674
INFO 2022-05-10 10:17:27,273 io 458 created photo525
INFO 2022-05-10 10:17:27,495 io 458 created photo526
INFO 2022-05-10 10:17:27,677 io 458 created photo527
INFO 2022-05-10 10:17:27,973 io 458 created photo528
INFO 2022-05-10 10:17:28,338 basehttp 187 "GET /api/repair?id=516 HTTP/1.1" 200 879
INFO 2022-05-10 10:17:28,361 basehttp 187 "GET /api/repair?id=514 HTTP/1.1" 200 1174
INFO 2022-05-10 10:17:28,385 basehttp 187 "GET /api/repair?id=519 HTTP/1.1" 200 1145
INFO 2022-05-10 10:17:28,390 basehttp 187 "GET /api/repair?id=497 HTTP/1.1" 200 1174
INFO 2022-05-10 10:17:28,390 basehttp 187 "GET /api/repair?id=490 HTTP/1.1" 200 1149
INFO 2022-05-10 10:17:28,467 basehttp 187 "POST /api/search HTTP/1.1" 200 48
INFO 2022-05-10 10:17:28,487 basehttp 187 "POST /api/search HTTP/1.1" 200 48
INFO 2022-05-10 10:17:28,661 basehttp 187 "POST /api/search HTTP/1.1" 200 1401
INFO 2022-05-10 10:17:28,667 basehttp 187 "POST /api/search HTTP/1.1" 200 1401
INFO 2022-05-10 10:17:28,688 basehttp 187 "POST /api/search HTTP/1.1" 200 1674
INFO 2022-05-10 10:17:28,691 basehttp 187 "POST /api/search HTTP/1.1" 200 1674
INFO 2022-05-10 10:17:28,695 basehttp 187 "GET /static/photo/raw/525.jpeg HTTP/1.1" 200 338444
INFO 2022-05-10 10:17:28,724 io 458 created photo529
INFO 2022-05-10 10:17:28,807 io 458 created photo530
INFO 2022-05-10 10:17:29,083 ai_fix 199 503 send
INFO 2022-05-10 10:17:29,123 io 458 created photo531
INFO 2022-05-10 10:17:29,463 io 458 created photo532
INFO 2022-05-10 10:17:29,706 io 458 created photo533
INFO 2022-05-10 10:17:29,898 io 458 created photo534
INFO 2022-05-10 10:17:30,110 basehttp 187 "GET /api/repair?id=490 HTTP/1.1" 200 1174
INFO 2022-05-10 10:17:30,178 basehttp 187 "POST /api/search HTTP/1.1" 200 48
INFO 2022-05-10 10:17:30,283 basehttp 187 "GET /api/repair?id=525 HTTP/1.1" 200 879
INFO 2022-05-10 10:17:30,311 basehttp 187 "GET /api/repair?id=519 HTTP/1.1" 200 1145
INFO 2022-05-10 10:17:30,344 basehttp 187 "POST /api/search HTTP/1.1" 200 1674
INFO 2022-05-10 10:17:30,345 basehttp 187 "POST /api/search HTTP/1.1" 200 1475
INFO 2022-05-10 10:17:30,357 basehttp 187 "GET /static/photo/raw/528.jpeg HTTP/1.1" 200 137986
INFO 2022-05-10 10:17:30,362 basehttp 187 "GET /static/photo/raw/524.jpeg HTTP/1.1" 200 222751
INFO 2022-05-10 10:17:30,420 basehttp 187 "POST /api/search HTTP/1.1" 200 48
INFO 2022-05-10 10:17:30,466 basehttp 187 "GET /api/repair?id=521 HTTP/1.1" 200 879
INFO 2022-05-10 10:17:30,527 basehttp 187 "POST /api/search HTTP/1.1" 200 1674
INFO 2022-05-10 10:17:30,530 basehttp 187 "POST /api/search HTTP/1.1" 200 1475
INFO 2022-05-10 10:17:30,586 basehttp 187 "POST /api/search HTTP/1.1" 200 1674
INFO 2022-05-10 10:17:30,607 io 458 created photo535
INFO 2022-05-10 10:17:30,634 basehttp 187 "POST /api/search HTTP/1.1" 200 48
INFO 2022-05-10 10:17:30,669 basehttp 187 "POST /api/search HTTP/1.1" 200 1475
INFO 2022-05-10 10:17:30,710 io 458 created photo536
INFO 2022-05-10 10:17:31,016 io 458 created photo537
INFO 2022-05-10 10:17:31,111 basehttp 187 "GET /api/repair?id=516 HTTP/1.1" 200 1174
INFO 2022-05-10 10:17:31,182 io 458 created photo538
INFO 2022-05-10 10:17:31,285 io 458 created photo539
INFO 2022-05-10 10:17:31,606 ai_fix 199 510 send
INFO 2022-05-10 10:17:31,915 ai_fix 128 504 send
INFO 2022-05-10 10:17:32,046 io 458 created photo540
INFO 2022-05-10 10:17:32,178 basehttp 187 "GET /api/repair?id=525 HTTP/1.1" 200 908
INFO 2022-05-10 10:17:32,210 basehttp 187 "GET /api/repair?id=528 HTTP/1.1" 200 1174
INFO 2022-05-10 10:17:32,223 basehttp 187 "GET /api/repair?id=524 HTTP/1.1" 200 1174
INFO 2022-05-10 10:17:32,243 basehttp 187 "GET /api/repair?id=490 HTTP/1.1" 200 1252
INFO 2022-05-10 10:17:32,308 basehttp 187 "POST /api/search HTTP/1.1" 200 48
INFO 2022-05-10 10:17:32,335 basehttp 187 "POST /api/search HTTP/1.1" 200 1481
INFO 2022-05-10 10:17:32,383 basehttp 187 "POST /api/search HTTP/1.1" 200 48
INFO 2022-05-10 10:17:32,418 basehttp 187 "POST /api/search HTTP/1.1" 200 48
INFO 2022-05-10 10:17:32,574 basehttp 187 "POST /api/search HTTP/1.1" 200 1937
INFO 2022-05-10 10:17:32,627 basehttp 187 "GET /static/photo/processed/503.jpeg HTTP/1.1" 200 125504
INFO 2022-05-10 10:17:32,663 basehttp 187 "POST /api/search HTTP/1.1" 200 1481
INFO 2022-05-10 10:17:32,685 basehttp 187 "POST /api/search HTTP/1.1" 200 1481
INFO 2022-05-10 10:17:32,706 basehttp 187 "POST /api/search HTTP/1.1" 200 1937
INFO 2022-05-10 10:17:32,714 basehttp 187 "POST /api/search HTTP/1.1" 200 1937
INFO 2022-05-10 10:17:32,961 basehttp 187 "GET /api/repair?id=521 HTTP/1.1" 200 1174
INFO 2022-05-10 10:17:33,943 ai_fix 128 511 send
INFO 2022-05-10 10:17:34,235 basehttp 187 "GET /api/repair?id=524 HTTP/1.1" 200 1174
INFO 2022-05-10 10:17:34,259 basehttp 187 "GET /api/repair?id=528 HTTP/1.1" 200 1174
INFO 2022-05-10 10:17:34,270 basehttp 187 "GET /api/repair?id=491 HTTP/1.1" 200 1252
INFO 2022-05-10 10:17:34,272 basehttp 187 "GET /api/repair?id=490 HTTP/1.1" 200 1262
INFO 2022-05-10 10:17:34,275 basehttp 187 "GET /api/repair?id=525 HTTP/1.1" 200 1174
INFO 2022-05-10 10:17:34,308 basehttp 187 "POST /api/search HTTP/1.1" 200 48
INFO 2022-05-10 10:17:34,327 basehttp 187 "POST /api/search HTTP/1.1" 200 48
INFO 2022-05-10 10:17:34,472 basehttp 187 "POST /api/search HTTP/1.1" 200 1493
INFO 2022-05-10 10:17:34,497 basehttp 187 "POST /api/search HTTP/1.1" 200 1493
INFO 2022-05-10 10:17:34,538 basehttp 187 "POST /api/search HTTP/1.1" 200 2752
INFO 2022-05-10 10:17:34,543 basehttp 187 "POST /api/search HTTP/1.1" 200 2752
INFO 2022-05-10 10:17:34,550 basehttp 187 "GET /static/photo/processed/510.jpeg HTTP/1.1" 200 208741
INFO 2022-05-10 10:17:34,552 basehttp 187 "GET /static/photo/processed/504.jpeg HTTP/1.1" 200 358405
INFO 2022-05-10 10:17:36,159 basehttp 187 "GET /api/repair?id=491 HTTP/1.1" 200 1276
INFO 2022-05-10 10:17:36,203 basehttp 187 "GET /api/repair?id=521 HTTP/1.1" 200 1174
INFO 2022-05-10 10:17:36,204 basehttp 187 "GET /api/repair?id=528 HTTP/1.1" 200 1174
INFO 2022-05-10 10:17:36,217 basehttp 187 "GET /api/repair?id=525 HTTP/1.1" 200 1174
INFO 2022-05-10 10:17:36,251 basehttp 187 "GET /api/repair?id=524 HTTP/1.1" 200 1174
INFO 2022-05-10 10:17:36,254 basehttp 187 "POST /api/search HTTP/1.1" 200 48
INFO 2022-05-10 10:17:36,297 basehttp 187 "POST /api/search HTTP/1.1" 200 48
INFO 2022-05-10 10:17:36,561 basehttp 187 "POST /api/search HTTP/1.1" 200 1487
INFO 2022-05-10 10:17:36,614 basehttp 187 "POST /api/search HTTP/1.1" 200 1487
INFO 2022-05-10 10:17:36,628 basehttp 187 "POST /api/search HTTP/1.1" 200 1487
INFO 2022-05-10 10:17:36,686 basehttp 187 "POST /api/search HTTP/1.1" 200 3303
INFO 2022-05-10 10:17:36,704 basehttp 187 "POST /api/search HTTP/1.1" 200 3303
INFO 2022-05-10 10:17:36,708 basehttp 187 "GET /static/photo/processed/511.jpeg HTTP/1.1" 200 548219
INFO 2022-05-10 10:17:36,718 basehttp 187 "POST /api/fixupload HTTP/1.1" 200 34
INFO 2022-05-10 10:17:36,750 views 1129 516 start fixing
INFO 2022-05-10 10:17:36,775 basehttp 187 "POST /api/search HTTP/1.1" 200 48
INFO 2022-05-10 10:17:36,972 basehttp 187 "POST /api/fixupload HTTP/1.1" 200 34
INFO 2022-05-10 10:17:37,015 views 1129 487 start fixing
INFO 2022-05-10 10:17:37,165 ai_fix 199 522 send
INFO 2022-05-10 10:17:37,167 ai_fix 199 508 send
INFO 2022-05-10 10:17:37,268 basehttp 187 "POST /api/search HTTP/1.1" 200 3303
INFO 2022-05-10 10:17:38,195 basehttp 187 "GET /api/repair?id=519 HTTP/1.1" 200 1174
INFO 2022-05-10 10:17:38,195 basehttp 187 "GET /api/repair?id=525 HTTP/1.1" 200 1174
INFO 2022-05-10 10:17:38,222 basehttp 187 "GET /api/repair?id=528 HTTP/1.1" 200 1174
INFO 2022-05-10 10:17:38,237 basehttp 187 "GET /api/repair?id=524 HTTP/1.1" 200 1174
INFO 2022-05-10 10:17:38,245 basehttp 187 "GET /api/repair?id=521 HTTP/1.1" 200 1174
INFO 2022-05-10 10:17:38,246 basehttp 187 "POST /api/search HTTP/1.1" 200 48
INFO 2022-05-10 10:17:38,303 basehttp 187 "POST /api/search HTTP/1.1" 200 1463
INFO 2022-05-10 10:17:38,334 basehttp 187 "GET /static/photo/raw/487.jpeg HTTP/1.1" 200 55477
INFO 2022-05-10 10:17:38,345 basehttp 187 "POST /api/search HTTP/1.1" 200 3303
INFO 2022-05-10 10:17:39,346 ai_fix 128 509 send
INFO 2022-05-10 10:17:40,177 basehttp 187 "GET /api/repair?id=524 HTTP/1.1" 200 1174
INFO 2022-05-10 10:17:40,188 basehttp 187 "GET /api/repair?id=528 HTTP/1.1" 200 1174
INFO 2022-05-10 10:17:40,200 basehttp 187 "GET /api/repair?id=525 HTTP/1.1" 200 1174
INFO 2022-05-10 10:17:40,203 basehttp 187 "GET /api/repair?id=487 HTTP/1.1" 200 1253
INFO 2022-05-10 10:17:40,216 basehttp 187 "GET /api/repair?id=516 HTTP/1.1" 200 1173
INFO 2022-05-10 10:17:40,252 basehttp 187 "POST /api/search HTTP/1.1" 200 48
INFO 2022-05-10 10:17:40,261 basehttp 187 "POST /api/search HTTP/1.1" 200 48
INFO 2022-05-10 10:17:40,449 basehttp 187 "POST /api/search HTTP/1.1" 200 1481
INFO 2022-05-10 10:17:40,464 basehttp 187 "POST /api/search HTTP/1.1" 200 1481
INFO 2022-05-10 10:17:40,565 basehttp 187 "POST /api/search HTTP/1.1" 200 3566
INFO 2022-05-10 10:17:40,579 basehttp 187 "POST /api/search HTTP/1.1" 200 3566
INFO 2022-05-10 10:17:40,582 basehttp 187 "GET /static/photo/processed/508.jpeg HTTP/1.1" 200 381909
INFO 2022-05-10 10:17:41,160 ai_fix 128 531 send
INFO 2022-05-10 10:17:42,270 basehttp 187 "GET /api/repair?id=524 HTTP/1.1" 200 1174
INFO 2022-05-10 10:17:42,279 basehttp 187 "GET /api/repair?id=487 HTTP/1.1" 200 1276
INFO 2022-05-10 10:17:42,280 basehttp 187 "GET /api/repair?id=525 HTTP/1.1" 200 1174
INFO 2022-05-10 10:17:42,281 basehttp 187 "GET /api/repair?id=516 HTTP/1.1" 200 1252
INFO 2022-05-10 10:17:42,311 basehttp 187 "GET /api/repair?id=528 HTTP/1.1" 200 1174
INFO 2022-05-10 10:17:42,349 basehttp 187 "POST /api/search HTTP/1.1" 200 48
INFO 2022-05-10 10:17:42,360 basehttp 187 "POST /api/search HTTP/1.1" 200 48
INFO 2022-05-10 10:17:42,680 basehttp 187 "POST /api/search HTTP/1.1" 200 1493
INFO 2022-05-10 10:17:42,715 basehttp 187 "POST /api/search HTTP/1.1" 200 48
INFO 2022-05-10 10:17:42,718 basehttp 187 "POST /api/search HTTP/1.1" 200 1493
INFO 2022-05-10 10:17:42,738 basehttp 187 "POST /api/search HTTP/1.1" 200 1493
INFO 2022-05-10 10:17:42,947 basehttp 187 "POST /api/search HTTP/1.1" 200 4380
INFO 2022-05-10 10:17:42,960 basehttp 187 "POST /api/search HTTP/1.1" 200 4380
INFO 2022-05-10 10:17:42,982 basehttp 187 "POST /api/search HTTP/1.1" 200 4380
INFO 2022-05-10 10:17:42,995 basehttp 187 "GET /static/photo/processed/522.jpeg HTTP/1.1" 200 668366
INFO 2022-05-10 10:17:42,996 basehttp 187 "GET /static/photo/processed/509.jpeg HTTP/1.1" 200 1049037
INFO 2022-05-10 10:17:43,002 basehttp 187 "POST /api/fixupload HTTP/1.1" 200 34
INFO 2022-05-10 10:17:43,027 views 1129 525 start fixing
INFO 2022-05-10 10:17:43,060 ai_fix 199 534 send
INFO 2022-05-10 10:17:44,284 basehttp 187 "GET /api/repair?id=528 HTTP/1.1" 200 1174
INFO 2022-05-10 10:17:44,301 basehttp 187 "GET /api/repair?id=524 HTTP/1.1" 200 1174
INFO 2022-05-10 10:17:44,307 basehttp 187 "GET /api/repair?id=525 HTTP/1.1" 200 1174
INFO 2022-05-10 10:17:44,307 basehttp 187 "GET /api/repair?id=521 HTTP/1.1" 200 1174
INFO 2022-05-10 10:17:44,309 basehttp 187 "GET /api/repair?id=516 HTTP/1.1" 200 1268
INFO 2022-05-10 10:17:44,367 basehttp 187 "POST /api/search HTTP/1.1" 200 48
INFO 2022-05-10 10:17:44,376 basehttp 187 "POST /api/search HTTP/1.1" 200 48
INFO 2022-05-10 10:17:44,555 basehttp 187 "POST /api/search HTTP/1.1" 200 1481
INFO 2022-05-10 10:17:44,565 basehttp 187 "POST /api/search HTTP/1.1" 200 1481
INFO 2022-05-10 10:17:44,721 basehttp 187 "POST /api/search HTTP/1.1" 200 4380
INFO 2022-05-10 10:17:44,721 basehttp 187 "POST /api/search HTTP/1.1" 200 4380
INFO 2022-05-10 10:17:46,149 basehttp 187 "GET /api/repair?id=525 HTTP/1.1" 200 1173
INFO 2022-05-10 10:17:46,150 basehttp 187 "GET /api/repair?id=528 HTTP/1.1" 200 1174
INFO 2022-05-10 10:17:46,157 basehttp 187 "GET /api/repair?id=516 HTTP/1.1" 200 1293
INFO 2022-05-10 10:17:46,236 basehttp 187 "POST /api/search HTTP/1.1" 200 48
INFO 2022-05-10 10:17:46,236 basehttp 187 "POST /api/search HTTP/1.1" 200 48
INFO 2022-05-10 10:17:46,433 basehttp 187 "POST /api/search HTTP/1.1" 200 1475
INFO 2022-05-10 10:17:46,434 basehttp 187 "POST /api/search HTTP/1.1" 200 1475
INFO 2022-05-10 10:17:46,648 basehttp 187 "POST /api/search HTTP/1.1" 200 4931
INFO 2022-05-10 10:17:46,648 basehttp 187 "POST /api/search HTTP/1.1" 200 4931
INFO 2022-05-10 10:17:46,839 basehttp 187 "GET /static/photo/processed/531.jpeg HTTP/1.1" 200 2242744
INFO 2022-05-10 10:17:46,929 ai_fix 128 540 send
INFO 2022-05-10 10:17:47,017 basehttp 187 "POST /api/fixupload HTTP/1.1" 200 34
INFO 2022-05-10 10:17:47,092 views 1129 528 start fixing
INFO 2022-05-10 10:17:47,307 ai_fix 199 529 send
INFO 2022-05-10 10:17:48,083 basehttp 187 "GET /api/repair?id=524 HTTP/1.1" 200 1174
INFO 2022-05-10 10:17:48,096 basehttp 187 "GET /api/repair?id=521 HTTP/1.1" 200 1174
INFO 2022-05-10 10:17:49,337 basehttp 187 "GET /api/repair?id=525 HTTP/1.1" 200 1252
INFO 2022-05-10 10:17:49,377 basehttp 187 "GET /api/repair?id=521 HTTP/1.1" 200 1174
INFO 2022-05-10 10:17:49,381 basehttp 187 "GET /api/repair?id=519 HTTP/1.1" 200 1174
INFO 2022-05-10 10:17:49,391 basehttp 187 "GET /api/repair?id=524 HTTP/1.1" 200 1174
INFO 2022-05-10 10:17:49,409 basehttp 187 "GET /api/repair?id=528 HTTP/1.1" 200 1174
INFO 2022-05-10 10:17:49,409 basehttp 187 "POST /api/search HTTP/1.1" 200 48
INFO 2022-05-10 10:17:49,471 basehttp 187 "POST /api/search HTTP/1.1" 200 48
INFO 2022-05-10 10:17:49,746 basehttp 187 "POST /api/search HTTP/1.1" 200 1481
INFO 2022-05-10 10:17:49,810 basehttp 187 "POST /api/search HTTP/1.1" 200 48
INFO 2022-05-10 10:17:49,872 basehttp 187 "POST /api/search HTTP/1.1" 200 1481
INFO 2022-05-10 10:17:49,872 basehttp 187 "POST /api/search HTTP/1.1" 200 1481
INFO 2022-05-10 10:17:50,202 basehttp 187 "POST /api/search HTTP/1.1" 200 5194
INFO 2022-05-10 10:17:50,261 basehttp 187 "POST /api/search HTTP/1.1" 200 5194
INFO 2022-05-10 10:17:50,283 basehttp 187 "POST /api/search HTTP/1.1" 200 5194
INFO 2022-05-10 10:17:50,289 basehttp 187 "GET /static/photo/processed/534.jpeg HTTP/1.1" 200 1309965
INFO 2022-05-10 10:17:50,386 ai_fix 128 530 send
INFO 2022-05-10 10:17:51,027 basehttp 187 "POST /api/fixupload HTTP/1.1" 200 34
INFO 2022-05-10 10:17:51,038 views 1129 521 start fixing
INFO 2022-05-10 10:17:51,070 ai_fix 199 526 send
INFO 2022-05-10 10:17:51,307 basehttp 187 "GET /api/repair?id=528 HTTP/1.1" 200 1252
INFO 2022-05-10 10:17:51,333 basehttp 187 "GET /api/repair?id=524 HTTP/1.1" 200 1174
INFO 2022-05-10 10:17:51,357 basehttp 187 "GET /api/repair?id=521 HTTP/1.1" 200 1174
INFO 2022-05-10 10:17:51,372 basehttp 187 "GET /api/repair?id=525 HTTP/1.1" 200 1292
INFO 2022-05-10 10:17:51,376 basehttp 187 "POST /api/search HTTP/1.1" 200 48
INFO 2022-05-10 10:17:51,434 basehttp 187 "GET /api/repair?id=519 HTTP/1.1" 200 1174
INFO 2022-05-10 10:17:51,453 basehttp 187 "POST /api/search HTTP/1.1" 200 48
INFO 2022-05-10 10:17:51,727 basehttp 187 "POST /api/search HTTP/1.1" 200 1481
INFO 2022-05-10 10:17:51,742 basehttp 187 "POST /api/search HTTP/1.1" 200 1481
INFO 2022-05-10 10:17:51,770 basehttp 187 "POST /api/search HTTP/1.1" 200 48
INFO 2022-05-10 10:17:51,799 basehttp 187 "POST /api/search HTTP/1.1" 200 1481
INFO 2022-05-10 10:17:51,831 basehttp 187 "POST /api/search HTTP/1.1" 200 48
INFO 2022-05-10 10:17:51,875 basehttp 187 "GET /static/photo/raw/518.jpeg HTTP/1.1" 200 497442
INFO 2022-05-10 10:17:52,117 basehttp 187 "POST /api/search HTTP/1.1" 200 1481
INFO 2022-05-10 10:17:52,425 basehttp 187 "POST /api/search HTTP/1.1" 200 5518
INFO 2022-05-10 10:17:52,466 basehttp 187 "POST /api/search HTTP/1.1" 200 5518
INFO 2022-05-10 10:17:52,474 basehttp 187 "POST /api/search HTTP/1.1" 200 5518
INFO 2022-05-10 10:17:52,519 basehttp 187 "GET /static/photo/processed/529.jpeg HTTP/1.1" 200 674681
INFO 2022-05-10 10:17:52,536 basehttp 187 "POST /api/search HTTP/1.1" 200 5518
INFO 2022-05-10 10:17:52,542 basehttp 187 "GET /static/photo/processed/540.jpeg HTTP/1.1" 200 2408745
INFO 2022-05-10 10:17:53,358 basehttp 187 "GET /api/repair?id=528 HTTP/1.1" 200 1252
INFO 2022-05-10 10:17:53,367 basehttp 187 "GET /api/repair?id=519 HTTP/1.1" 200 1174
INFO 2022-05-10 10:17:53,371 basehttp 187 "GET /api/repair?id=524 HTTP/1.1" 200 1174
INFO 2022-05-10 10:17:53,381 basehttp 187 "GET /api/repair?id=518 HTTP/1.1" 200 1174
INFO 2022-05-10 10:17:53,392 basehttp 187 "GET /api/repair?id=521 HTTP/1.1" 200 1174
INFO 2022-05-10 10:17:53,420 basehttp 187 "POST /api/search HTTP/1.1" 200 48
INFO 2022-05-10 10:17:53,496 basehttp 187 "POST /api/search HTTP/1.1" 200 1481
INFO 2022-05-10 10:17:53,606 basehttp 187 "POST /api/search HTTP/1.1" 200 5518
INFO 2022-05-10 10:17:53,870 ai_fix 128 539 send
INFO 2022-05-10 10:17:54,591 basehttp 187 "POST /api/fixupload HTTP/1.1" 200 34
INFO 2022-05-10 10:17:55,153 views 1129 514 start fixing
INFO 2022-05-10 10:17:55,481 basehttp 187 "GET /api/repair?id=519 HTTP/1.1" 200 1174
INFO 2022-05-10 10:17:55,495 basehttp 187 "GET /api/repair?id=528 HTTP/1.1" 200 1292
INFO 2022-05-10 10:17:55,496 basehttp 187 "GET /api/repair?id=521 HTTP/1.1" 200 1251
INFO 2022-05-10 10:17:55,559 ai_fix 199 515 send
INFO 2022-05-10 10:17:55,563 basehttp 187 "POST /api/search HTTP/1.1" 200 48
INFO 2022-05-10 10:17:55,785 basehttp 187 "GET /api/repair?id=518 HTTP/1.1" 200 1174
INFO 2022-05-10 10:17:55,818 basehttp 187 "GET /api/repair?id=524 HTTP/1.1" 200 1174
INFO 2022-05-10 10:17:55,829 basehttp 187 "POST /api/search HTTP/1.1" 200 48
INFO 2022-05-10 10:17:55,951 basehttp 187 "POST /api/search HTTP/1.1" 200 1481
INFO 2022-05-10 10:17:55,973 basehttp 187 "POST /api/search HTTP/1.1" 200 1481
INFO 2022-05-10 10:17:55,992 basehttp 187 "POST /api/search HTTP/1.1" 200 48
INFO 2022-05-10 10:17:56,165 basehttp 187 "POST /api/search HTTP/1.1" 200 1481
INFO 2022-05-10 10:17:56,373 basehttp 187 "POST /api/search HTTP/1.1" 200 5500
INFO 2022-05-10 10:17:56,389 basehttp 187 "POST /api/search HTTP/1.1" 200 5500
INFO 2022-05-10 10:17:56,449 basehttp 187 "POST /api/search HTTP/1.1" 200 5500
INFO 2022-05-10 10:17:56,463 basehttp 187 "GET /static/photo/processed/526.jpeg HTTP/1.1" 200 1079657
INFO 2022-05-10 10:17:56,465 basehttp 187 "GET /static/photo/processed/530.jpeg HTTP/1.1" 200 1793150
INFO 2022-05-10 10:17:57,378 basehttp 187 "GET /api/repair?id=524 HTTP/1.1" 200 1174
INFO 2022-05-10 10:17:57,384 basehttp 187 "GET /api/repair?id=514 HTTP/1.1" 200 1173
INFO 2022-05-10 10:17:57,389 basehttp 187 "GET /api/repair?id=519 HTTP/1.1" 200 1174
INFO 2022-05-10 10:17:57,399 basehttp 187 "GET /api/repair?id=518 HTTP/1.1" 200 1174
INFO 2022-05-10 10:17:57,407 basehttp 187 "GET /api/repair?id=521 HTTP/1.1" 200 1252
INFO 2022-05-10 10:17:57,423 basehttp 187 "POST /api/search HTTP/1.1" 200 48
INFO 2022-05-10 10:17:57,494 basehttp 187 "POST /api/search HTTP/1.1" 200 1481
INFO 2022-05-10 10:17:57,572 basehttp 187 "POST /api/search HTTP/1.1" 200 5500
INFO 2022-05-10 10:17:57,696 ai_fix 128 520 send
INFO 2022-05-10 10:17:59,380 basehttp 187 "GET /api/repair?id=514 HTTP/1.1" 200 1252
INFO 2022-05-10 10:17:59,400 basehttp 187 "GET /api/repair?id=519 HTTP/1.1" 200 1174
INFO 2022-05-10 10:17:59,410 basehttp 187 "GET /api/repair?id=524 HTTP/1.1" 200 1174
INFO 2022-05-10 10:17:59,421 basehttp 187 "GET /api/repair?id=521 HTTP/1.1" 200 1292
INFO 2022-05-10 10:17:59,432 basehttp 187 "GET /api/repair?id=518 HTTP/1.1" 200 1174
INFO 2022-05-10 10:17:59,453 basehttp 187 "POST /api/search HTTP/1.1" 200 48
INFO 2022-05-10 10:17:59,468 basehttp 187 "POST /api/search HTTP/1.1" 200 48
INFO 2022-05-10 10:17:59,795 basehttp 187 "POST /api/search HTTP/1.1" 200 1492
INFO 2022-05-10 10:17:59,803 basehttp 187 "POST /api/search HTTP/1.1" 200 1492
INFO 2022-05-10 10:17:59,839 basehttp 187 "POST /api/search HTTP/1.1" 200 1492
INFO 2022-05-10 10:17:59,856 basehttp 187 "GET /static/photo/raw/517.jpeg HTTP/1.1" 200 207356
INFO 2022-05-10 10:18:00,182 basehttp 187 "POST /api/search HTTP/1.1" 200 5500
INFO 2022-05-10 10:18:00,199 basehttp 187 "POST /api/search HTTP/1.1" 200 5500
INFO 2022-05-10 10:18:00,221 basehttp 187 "POST /api/search HTTP/1.1" 200 5500
INFO 2022-05-10 10:18:00,225 basehttp 187 "GET /static/photo/processed/515.jpeg HTTP/1.1" 200 148212
INFO 2022-05-10 10:18:00,235 basehttp 187 "GET /static/photo/processed/539.jpeg HTTP/1.1" 200 2932924
INFO 2022-05-10 10:18:00,349 basehttp 187 "POST /api/search HTTP/1.1" 200 48
INFO 2022-05-10 10:18:00,385 basehttp 187 "POST /api/fixupload HTTP/1.1" 200 34
INFO 2022-05-10 10:18:00,463 views 1129 518 start fixing
INFO 2022-05-10 10:18:00,760 ai_fix 199 535 send
INFO 2022-05-10 10:18:01,220 basehttp 187 "GET /api/repair?id=514 HTTP/1.1" 200 1276
INFO 2022-05-10 10:18:01,271 basehttp 187 "POST /api/search HTTP/1.1" 200 48
INFO 2022-05-10 10:18:01,275 basehttp 187 "POST /api/search HTTP/1.1" 200 48
INFO 2022-05-10 10:18:01,440 basehttp 187 "POST /api/search HTTP/1.1" 200 1474
INFO 2022-05-10 10:18:01,456 basehttp 187 "POST /api/search HTTP/1.1" 200 1474
INFO 2022-05-10 10:18:01,605 basehttp 187 "POST /api/search HTTP/1.1" 200 5500
INFO 2022-05-10 10:18:01,605 basehttp 187 "POST /api/search HTTP/1.1" 200 5500
INFO 2022-05-10 10:18:01,621 basehttp 187 "GET /static/photo/processed/520.jpeg HTTP/1.1" 200 488996
INFO 2022-05-10 10:18:02,331 basehttp 187 "GET /api/repair?id=518 HTTP/1.1" 200 1172
INFO 2022-05-10 10:18:02,343 basehttp 187 "GET /api/repair?id=524 HTTP/1.1" 200 1174
INFO 2022-05-10 10:18:02,358 basehttp 187 "GET /api/repair?id=519 HTTP/1.1" 200 1174
INFO 2022-05-10 10:18:02,360 basehttp 187 "GET /api/repair?id=517 HTTP/1.1" 200 1174
INFO 2022-05-10 10:18:02,390 basehttp 187 "POST /api/search HTTP/1.1" 200 48
INFO 2022-05-10 10:18:02,402 basehttp 187 "POST /api/search HTTP/1.1" 200 48
INFO 2022-05-10 10:18:02,574 basehttp 187 "POST /api/search HTTP/1.1" 200 1474
INFO 2022-05-10 10:18:02,592 basehttp 187 "POST /api/search HTTP/1.1" 200 1474
INFO 2022-05-10 10:18:02,729 basehttp 187 "POST /api/search HTTP/1.1" 200 5500
INFO 2022-05-10 10:18:02,733 basehttp 187 "POST /api/search HTTP/1.1" 200 5500
INFO 2022-05-10 10:18:03,392 basehttp 187 "GET /api/repair?id=518 HTTP/1.1" 200 1173
INFO 2022-05-10 10:18:03,414 basehttp 187 "GET /api/repair?id=497 HTTP/1.1" 200 1174
INFO 2022-05-10 10:18:03,415 basehttp 187 "GET /api/repair?id=517 HTTP/1.1" 200 1174
INFO 2022-05-10 10:18:03,446 basehttp 187 "GET /api/repair?id=519 HTTP/1.1" 200 1174
INFO 2022-05-10 10:18:03,455 basehttp 187 "POST /api/search HTTP/1.1" 200 48
INFO 2022-05-10 10:18:03,458 basehttp 187 "GET /api/repair?id=524 HTTP/1.1" 200 1174
INFO 2022-05-10 10:18:03,517 basehttp 187 "POST /api/search HTTP/1.1" 200 1474
INFO 2022-05-10 10:18:03,585 basehttp 187 "POST /api/search HTTP/1.1" 200 5500
INFO 2022-05-10 10:18:04,375 ai_fix 128 536 send
INFO 2022-05-10 10:18:04,672 basehttp 187 "POST /api/fixupload HTTP/1.1" 200 34
INFO 2022-05-10 10:18:04,685 views 1129 519 start fixing
INFO 2022-05-10 10:18:04,717 ai_fix 199 523 send
INFO 2022-05-10 10:18:05,527 basehttp 187 "GET /api/repair?id=519 HTTP/1.1" 200 1173
INFO 2022-05-10 10:18:05,530 basehttp 187 "GET /api/repair?id=497 HTTP/1.1" 200 1174
INFO 2022-05-10 10:18:05,532 basehttp 187 "GET /api/repair?id=518 HTTP/1.1" 200 1251
INFO 2022-05-10 10:18:05,536 basehttp 187 "GET /api/repair?id=517 HTTP/1.1" 200 1174
INFO 2022-05-10 10:18:05,550 basehttp 187 "GET /api/repair?id=524 HTTP/1.1" 200 1174
INFO 2022-05-10 10:18:05,606 basehttp 187 "POST /api/search HTTP/1.1" 200 48
INFO 2022-05-10 10:18:05,682 basehttp 187 "POST /api/search HTTP/1.1" 200 48
INFO 2022-05-10 10:18:05,858 basehttp 187 "POST /api/search HTTP/1.1" 200 1480
INFO 2022-05-10 10:18:05,938 basehttp 187 "POST /api/search HTTP/1.1" 200 1480
INFO 2022-05-10 10:18:06,061 basehttp 187 "POST /api/search HTTP/1.1" 200 5500
INFO 2022-05-10 10:18:06,094 basehttp 187 "POST /api/search HTTP/1.1" 200 5500
INFO 2022-05-10 10:18:06,101 basehttp 187 "GET /static/photo/processed/535.jpeg HTTP/1.1" 200 1605892
INFO 2022-05-10 10:18:07,360 basehttp 187 "GET /api/repair?id=524 HTTP/1.1" 200 1174
INFO 2022-05-10 10:18:07,371 basehttp 187 "GET /api/repair?id=518 HTTP/1.1" 200 1252
INFO 2022-05-10 10:18:07,388 ai_fix 128 527 send
INFO 2022-05-10 10:18:07,470 basehttp 187 "GET /api/repair?id=497 HTTP/1.1" 200 1174
INFO 2022-05-10 10:18:07,481 basehttp 187 "GET /api/repair?id=517 HTTP/1.1" 200 1174
INFO 2022-05-10 10:18:07,482 basehttp 187 "GET /api/repair?id=519 HTTP/1.1" 200 1253
INFO 2022-05-10 10:18:07,509 basehttp 187 "POST /api/search HTTP/1.1" 200 48
INFO 2022-05-10 10:18:07,576 basehttp 187 "POST /api/search HTTP/1.1" 200 1498
INFO 2022-05-10 10:18:07,643 basehttp 187 "POST /api/search HTTP/1.1" 200 5457
INFO 2022-05-10 10:18:07,657 basehttp 187 "GET /static/photo/processed/523.jpeg HTTP/1.1" 200 691948
INFO 2022-05-10 10:18:09,442 basehttp 187 "GET /api/repair?id=497 HTTP/1.1" 200 1174
INFO 2022-05-10 10:18:09,454 basehttp 187 "GET /api/repair?id=518 HTTP/1.1" 200 1292
INFO 2022-05-10 10:18:09,482 basehttp 187 "GET /api/repair?id=519 HTTP/1.1" 200 1253
INFO 2022-05-10 10:18:09,494 basehttp 187 "GET /api/repair?id=524 HTTP/1.1" 200 1174
INFO 2022-05-10 10:18:09,515 basehttp 187 "POST /api/search HTTP/1.1" 200 48
INFO 2022-05-10 10:18:09,527 basehttp 187 "GET /api/repair?id=517 HTTP/1.1" 200 1174
INFO 2022-05-10 10:18:09,544 basehttp 187 "POST /api/search HTTP/1.1" 200 48
INFO 2022-05-10 10:18:09,723 basehttp 187 "POST /api/search HTTP/1.1" 200 1492
INFO 2022-05-10 10:18:09,744 basehttp 187 "POST /api/search HTTP/1.1" 200 1492
INFO 2022-05-10 10:18:09,950 basehttp 187 "POST /api/search HTTP/1.1" 200 5518
INFO 2022-05-10 10:18:09,952 basehttp 187 "POST /api/search HTTP/1.1" 200 5518
INFO 2022-05-10 10:18:09,974 basehttp 187 "GET /static/photo/processed/536.jpeg HTTP/1.1" 200 3594136
INFO 2022-05-10 10:18:09,983 basehttp 187 "POST /api/fixupload HTTP/1.1" 200 34
INFO 2022-05-10 10:18:10,490 views 1129 492 start fixing
INFO 2022-05-10 10:18:10,609 ai_fix 199 512 send
INFO 2022-05-10 10:18:11,467 basehttp 187 "GET /api/repair?id=519 HTTP/1.1" 200 1276
INFO 2022-05-10 10:18:11,471 basehttp 187 "GET /api/repair?id=497 HTTP/1.1" 200 1174
INFO 2022-05-10 10:18:11,494 basehttp 187 "GET /api/repair?id=524 HTTP/1.1" 200 1174
INFO 2022-05-10 10:18:11,495 basehttp 187 "GET /api/repair?id=517 HTTP/1.1" 200 1174
INFO 2022-05-10 10:18:11,527 basehttp 187 "POST /api/search HTTP/1.1" 200 48
INFO 2022-05-10 10:18:11,545 basehttp 187 "GET /api/repair?id=492 HTTP/1.1" 200 1174
INFO 2022-05-10 10:18:11,563 basehttp 187 "POST /api/search HTTP/1.1" 200 48
INFO 2022-05-10 10:18:11,858 basehttp 187 "POST /api/search HTTP/1.1" 200 1474
INFO 2022-05-10 10:18:11,887 basehttp 187 "POST /api/search HTTP/1.1" 200 1474
INFO 2022-05-10 10:18:11,894 basehttp 187 "POST /api/search HTTP/1.1" 200 48
INFO 2022-05-10 10:18:11,902 basehttp 187 "POST /api/search HTTP/1.1" 200 1474
INFO 2022-05-10 10:18:12,156 basehttp 187 "POST /api/search HTTP/1.1" 200 5543
INFO 2022-05-10 10:18:12,190 basehttp 187 "POST /api/search HTTP/1.1" 200 5543
INFO 2022-05-10 10:18:12,191 basehttp 187 "POST /api/search HTTP/1.1" 200 5543
INFO 2022-05-10 10:18:12,199 basehttp 187 "GET /static/photo/processed/527.jpeg HTTP/1.1" 200 2015480
INFO 2022-05-10 10:18:12,807 ai_fix 128 513 send
INFO 2022-05-10 10:18:13,484 basehttp 187 "GET /api/repair?id=492 HTTP/1.1" 200 1253
INFO 2022-05-10 10:18:13,523 basehttp 187 "GET /api/repair?id=524 HTTP/1.1" 200 1174
INFO 2022-05-10 10:18:13,534 basehttp 187 "GET /api/repair?id=489 HTTP/1.1" 200 1174
INFO 2022-05-10 10:18:13,542 basehttp 187 "GET /api/repair?id=517 HTTP/1.1" 200 1174
INFO 2022-05-10 10:18:13,575 basehttp 187 "GET /api/repair?id=497 HTTP/1.1" 200 1174
INFO 2022-05-10 10:18:13,579 basehttp 187 "POST /api/search HTTP/1.1" 200 48
INFO 2022-05-10 10:18:13,604 basehttp 187 "POST /api/search HTTP/1.1" 200 48
INFO 2022-05-10 10:18:13,751 basehttp 187 "POST /api/search HTTP/1.1" 200 1492
INFO 2022-05-10 10:18:13,766 basehttp 187 "POST /api/search HTTP/1.1" 200 1492
INFO 2022-05-10 10:18:13,924 basehttp 187 "POST /api/search HTTP/1.1" 200 5500
INFO 2022-05-10 10:18:13,935 basehttp 187 "POST /api/search HTTP/1.1" 200 5500
INFO 2022-05-10 10:18:13,939 basehttp 187 "GET /static/photo/processed/512.jpeg HTTP/1.1" 200 78678
INFO 2022-05-10 10:18:13,967 basehttp 187 "POST /api/fixupload HTTP/1.1" 200 34
INFO 2022-05-10 10:18:14,001 views 1129 497 start fixing
INFO 2022-05-10 10:18:14,046 ai_fix 199 502 send
INFO 2022-05-10 10:18:15,468 basehttp 187 "GET /api/repair?id=489 HTTP/1.1" 200 1174
INFO 2022-05-10 10:18:15,484 basehttp 187 "GET /api/repair?id=524 HTTP/1.1" 200 1174
INFO 2022-05-10 10:18:15,498 basehttp 187 "GET /api/repair?id=497 HTTP/1.1" 200 1173
INFO 2022-05-10 10:18:15,501 basehttp 187 "GET /api/repair?id=517 HTTP/1.1" 200 1174
INFO 2022-05-10 10:18:15,503 basehttp 187 "GET /api/repair?id=492 HTTP/1.1" 200 1277
INFO 2022-05-10 10:18:15,547 basehttp 187 "POST /api/search HTTP/1.1" 200 48
INFO 2022-05-10 10:18:15,569 basehttp 187 "POST /api/search HTTP/1.1" 200 48
INFO 2022-05-10 10:18:15,822 basehttp 187 "POST /api/search HTTP/1.1" 200 1474
INFO 2022-05-10 10:18:15,827 basehttp 187 "POST /api/search HTTP/1.1" 200 1474
INFO 2022-05-10 10:18:15,860 basehttp 187 "GET /static/photo/raw/488.jpeg HTTP/1.1" 200 62761
INFO 2022-05-10 10:18:15,861 basehttp 187 "POST /api/search HTTP/1.1" 200 48
INFO 2022-05-10 10:18:15,885 basehttp 187 "POST /api/search HTTP/1.1" 200 1474
INFO 2022-05-10 10:18:16,174 basehttp 187 "POST /api/search HTTP/1.1" 200 5500
INFO 2022-05-10 10:18:16,188 basehttp 187 "POST /api/search HTTP/1.1" 200 5500
INFO 2022-05-10 10:18:16,210 basehttp 187 "POST /api/search HTTP/1.1" 200 5500
INFO 2022-05-10 10:18:16,211 basehttp 187 "GET /static/photo/processed/513.jpeg HTTP/1.1" 200 218735
INFO 2022-05-10 10:18:16,300 ai_fix 128 505 send
INFO 2022-05-10 10:18:16,913 basehttp 187 "POST /api/fixupload HTTP/1.1" 200 34
INFO 2022-05-10 10:18:17,248 views 1129 524 start fixing
INFO 2022-05-10 10:18:17,406 ai_fix 199 532 send
INFO 2022-05-10 10:18:17,597 basehttp 187 "GET /api/repair?id=489 HTTP/1.1" 200 1174
INFO 2022-05-10 10:18:17,598 basehttp 187 "GET /api/repair?id=497 HTTP/1.1" 200 1253
INFO 2022-05-10 10:18:17,634 basehttp 187 "GET /api/repair?id=524 HTTP/1.1" 200 1173
INFO 2022-05-10 10:18:17,639 basehttp 187 "GET /api/repair?id=517 HTTP/1.1" 200 1174
INFO 2022-05-10 10:18:17,646 basehttp 187 "GET /api/repair?id=488 HTTP/1.1" 200 1174
INFO 2022-05-10 10:18:17,663 basehttp 187 "POST /api/search HTTP/1.1" 200 48
INFO 2022-05-10 10:18:17,693 basehttp 187 "POST /api/search HTTP/1.1" 200 48
INFO 2022-05-10 10:18:18,048 basehttp 187 "POST /api/search HTTP/1.1" 200 1480
INFO 2022-05-10 10:18:18,069 basehttp 187 "POST /api/search HTTP/1.1" 200 1480
INFO 2022-05-10 10:18:18,070 basehttp 187 "POST /api/search HTTP/1.1" 200 1480
INFO 2022-05-10 10:18:18,668 basehttp 187 "POST /api/search HTTP/1.1" 200 5500
INFO 2022-05-10 10:18:18,698 basehttp 187 "POST /api/search HTTP/1.1" 200 5500
INFO 2022-05-10 10:18:18,701 basehttp 187 "POST /api/search HTTP/1.1" 200 5500
INFO 2022-05-10 10:18:18,702 basehttp 187 "GET /static/photo/processed/502.jpeg HTTP/1.1" 200 133645
INFO 2022-05-10 10:18:18,801 basehttp 187 "POST /api/search HTTP/1.1" 200 48
INFO 2022-05-10 10:18:19,743 basehttp 187 "POST /api/fixupload HTTP/1.1" 200 34
INFO 2022-05-10 10:18:19,805 views 1129 517 start fixing
INFO 2022-05-10 10:18:19,839 ai_fix 199 537 send
INFO 2022-05-10 10:18:20,470 basehttp 187 "GET /api/repair?id=497 HTTP/1.1" 200 1276
INFO 2022-05-10 10:18:20,473 basehttp 187 "GET /api/repair?id=524 HTTP/1.1" 200 1173
INFO 2022-05-10 10:18:20,551 basehttp 187 "POST /api/search HTTP/1.1" 200 48
INFO 2022-05-10 10:18:20,567 basehttp 187 "POST /api/search HTTP/1.1" 200 48
INFO 2022-05-10 10:18:20,775 basehttp 187 "POST /api/search HTTP/1.1" 200 1174
INFO 2022-05-10 10:18:20,780 basehttp 187 "POST /api/search HTTP/1.1" 200 1174
INFO 2022-05-10 10:18:21,024 basehttp 187 "POST /api/search HTTP/1.1" 200 5543
INFO 2022-05-10 10:18:21,036 basehttp 187 "POST /api/search HTTP/1.1" 200 5543
INFO 2022-05-10 10:18:21,042 basehttp 187 "GET /static/photo/processed/505.jpeg HTTP/1.1" 200 483322
INFO 2022-05-10 10:18:21,164 ai_fix 128 533 send
INFO 2022-05-10 10:18:21,473 basehttp 187 "GET /api/repair?id=517 HTTP/1.1" 200 1174
INFO 2022-05-10 10:18:21,496 basehttp 187 "GET /api/repair?id=488 HTTP/1.1" 200 1174
INFO 2022-05-10 10:18:21,526 basehttp 187 "POST /api/search HTTP/1.1" 200 48
INFO 2022-05-10 10:18:21,532 basehttp 187 "GET /api/repair?id=489 HTTP/1.1" 200 1174
INFO 2022-05-10 10:18:21,595 basehttp 187 "POST /api/search HTTP/1.1" 200 1192
INFO 2022-05-10 10:18:21,648 basehttp 187 "POST /api/search HTTP/1.1" 200 5500
INFO 2022-05-10 10:18:21,664 basehttp 187 "GET /static/photo/processed/532.jpeg HTTP/1.1" 200 845310
INFO 2022-05-10 10:18:22,517 basehttp 187 "GET /api/repair?id=517 HTTP/1.1" 200 1173
INFO 2022-05-10 10:18:22,536 basehttp 187 "GET /api/repair?id=489 HTTP/1.1" 200 1174
INFO 2022-05-10 10:18:22,536 basehttp 187 "GET /api/repair?id=488 HTTP/1.1" 200 1174
INFO 2022-05-10 10:18:22,538 basehttp 187 "GET /api/repair?id=524 HTTP/1.1" 200 1251
INFO 2022-05-10 10:18:22,566 basehttp 187 "POST /api/search HTTP/1.1" 200 48
INFO 2022-05-10 10:18:22,646 basehttp 187 "POST /api/search HTTP/1.1" 200 1192
INFO 2022-05-10 10:18:22,715 basehttp 187 "POST /api/search HTTP/1.1" 200 5500
INFO 2022-05-10 10:18:22,838 ai_fix 128 538 send
INFO 2022-05-10 10:18:24,461 basehttp 187 "GET /api/repair?id=517 HTTP/1.1" 200 1252
INFO 2022-05-10 10:18:24,464 basehttp 187 "GET /api/repair?id=524 HTTP/1.1" 200 1277
INFO 2022-05-10 10:18:24,490 basehttp 187 "GET /api/repair?id=489 HTTP/1.1" 200 1174
INFO 2022-05-10 10:18:24,521 basehttp 187 "POST /api/search HTTP/1.1" 200 916
INFO 2022-05-10 10:18:24,551 basehttp 187 "POST /api/search HTTP/1.1" 200 48
INFO 2022-05-10 10:18:24,555 basehttp 187 "POST /api/search HTTP/1.1" 200 48
INFO 2022-05-10 10:18:24,704 basehttp 187 "POST /api/search HTTP/1.1" 200 916
INFO 2022-05-10 10:18:24,727 basehttp 187 "GET /api/repair?id=488 HTTP/1.1" 200 1174
INFO 2022-05-10 10:18:24,840 basehttp 187 "POST /api/search HTTP/1.1" 200 5500
INFO 2022-05-10 10:18:24,885 basehttp 187 "POST /api/search HTTP/1.1" 200 5500
INFO 2022-05-10 10:18:24,900 basehttp 187 "GET /static/photo/processed/537.jpeg HTTP/1.1" 200 975713
INFO 2022-05-10 10:18:24,902 basehttp 187 "GET /static/photo/processed/533.jpeg HTTP/1.1" 200 2528881
INFO 2022-05-10 10:18:26,456 basehttp 187 "GET /api/repair?id=489 HTTP/1.1" 200 1174
INFO 2022-05-10 10:18:26,456 basehttp 187 "GET /api/repair?id=488 HTTP/1.1" 200 1174
INFO 2022-05-10 10:18:26,458 basehttp 187 "GET /api/repair?id=517 HTTP/1.1" 200 1276
INFO 2022-05-10 10:18:26,509 basehttp 187 "POST /api/search HTTP/1.1" 200 48
INFO 2022-05-10 10:18:26,516 basehttp 187 "POST /api/search HTTP/1.1" 200 48
INFO 2022-05-10 10:18:26,575 basehttp 187 "POST /api/search HTTP/1.1" 200 622
INFO 2022-05-10 10:18:26,582 basehttp 187 "POST /api/search HTTP/1.1" 200 622
INFO 2022-05-10 10:18:26,806 basehttp 187 "POST /api/search HTTP/1.1" 200 5543
INFO 2022-05-10 10:18:26,807 basehttp 187 "POST /api/search HTTP/1.1" 200 5543
INFO 2022-05-10 10:18:26,826 basehttp 187 "GET /static/photo/processed/538.jpeg HTTP/1.1" 200 2886327
INFO 2022-05-10 10:18:27,218 basehttp 187 "POST /api/fixupload HTTP/1.1" 200 34
INFO 2022-05-10 10:18:27,309 views 1129 488 start fixing
INFO 2022-05-10 10:18:27,402 ai_fix 199 506 send
INFO 2022-05-10 10:18:28,084 basehttp 187 "POST /api/fixupload HTTP/1.1" 200 34
INFO 2022-05-10 10:18:28,377 views 1129 489 start fixing
INFO 2022-05-10 10:18:28,436 ai_fix 199 500 send
INFO 2022-05-10 10:18:28,467 basehttp 187 "GET /api/repair?id=488 HTTP/1.1" 200 1174
INFO 2022-05-10 10:18:28,490 basehttp 187 "GET /api/repair?id=489 HTTP/1.1" 200 1174
INFO 2022-05-10 10:18:28,508 basehttp 187 "POST /api/search HTTP/1.1" 200 48
INFO 2022-05-10 10:18:28,531 basehttp 187 "POST /api/search HTTP/1.1" 200 48
INFO 2022-05-10 10:18:28,582 basehttp 187 "POST /api/search HTTP/1.1" 200 598
INFO 2022-05-10 10:18:28,601 basehttp 187 "POST /api/search HTTP/1.1" 200 598
INFO 2022-05-10 10:18:28,749 basehttp 187 "POST /api/search HTTP/1.1" 200 5543
INFO 2022-05-10 10:18:28,770 basehttp 187 "POST /api/search HTTP/1.1" 200 5543
INFO 2022-05-10 10:18:29,598 ai_fix 128 507 send
INFO 2022-05-10 10:18:30,431 basehttp 187 "GET /api/repair?id=489 HTTP/1.1" 200 1174
INFO 2022-05-10 10:18:30,431 basehttp 187 "GET /api/repair?id=488 HTTP/1.1" 200 1252
INFO 2022-05-10 10:18:30,460 basehttp 187 "POST /api/search HTTP/1.1" 200 48
INFO 2022-05-10 10:18:30,479 basehttp 187 "POST /api/search HTTP/1.1" 200 616
INFO 2022-05-10 10:18:30,545 basehttp 187 "POST /api/search HTTP/1.1" 200 5500
INFO 2022-05-10 10:18:30,571 basehttp 187 "GET /static/photo/processed/506.jpeg HTTP/1.1" 200 116373
INFO 2022-05-10 10:18:30,994 ai_fix 128 501 send
INFO 2022-05-10 10:18:32,469 basehttp 187 "GET /api/repair?id=489 HTTP/1.1" 200 1252
INFO 2022-05-10 10:18:32,473 basehttp 187 "GET /api/repair?id=488 HTTP/1.1" 200 1276
INFO 2022-05-10 10:18:32,510 basehttp 187 "POST /api/search HTTP/1.1" 200 48
INFO 2022-05-10 10:18:32,556 basehttp 187 "POST /api/search HTTP/1.1" 200 48
INFO 2022-05-10 10:18:32,590 basehttp 187 "POST /api/search HTTP/1.1" 200 340
INFO 2022-05-10 10:18:32,622 basehttp 187 "POST /api/search HTTP/1.1" 200 48
INFO 2022-05-10 10:18:32,639 basehttp 187 "POST /api/search HTTP/1.1" 200 340
INFO 2022-05-10 10:18:32,649 basehttp 187 "POST /api/search HTTP/1.1" 200 340
INFO 2022-05-10 10:18:33,268 basehttp 187 "POST /api/search HTTP/1.1" 200 5500
INFO 2022-05-10 10:18:33,280 basehttp 187 "POST /api/search HTTP/1.1" 200 5500
INFO 2022-05-10 10:18:33,290 basehttp 187 "POST /api/search HTTP/1.1" 200 5500
INFO 2022-05-10 10:18:33,340 basehttp 187 "GET /static/photo/processed/507.jpeg HTTP/1.1" 200 318840
INFO 2022-05-10 10:18:33,348 basehttp 187 "GET /static/photo/processed/500.jpeg HTTP/1.1" 200 1139786
INFO 2022-05-10 10:18:34,459 basehttp 187 "GET /api/repair?id=489 HTTP/1.1" 200 1252
INFO 2022-05-10 10:18:34,890 basehttp 187 "POST /api/fixupload HTTP/1.1" 200 34
INFO 2022-05-10 10:18:36,459 basehttp 187 "GET /api/repair?id=489 HTTP/1.1" 200 1292
INFO 2022-05-10 10:18:36,505 basehttp 187 "POST /api/search HTTP/1.1" 200 48
INFO 2022-05-10 10:18:36,510 basehttp 187 "POST /api/search HTTP/1.1" 200 48
INFO 2022-05-10 10:18:36,512 basehttp 187 "POST /api/search HTTP/1.1" 200 48
INFO 2022-05-10 10:18:36,517 basehttp 187 "POST /api/search HTTP/1.1" 200 48
INFO 2022-05-10 10:18:36,680 basehttp 187 "POST /api/search HTTP/1.1" 200 5543
INFO 2022-05-10 10:18:36,688 basehttp 187 "POST /api/search HTTP/1.1" 200 5543
INFO 2022-05-10 10:18:36,696 basehttp 187 "GET /static/photo/processed/501.jpeg HTTP/1.1" 200 2246999
INFO 2022-05-10 10:18:37,668 basehttp 187 "POST /api/fixupload HTTP/1.1" 200 34
INFO 2022-05-10 11:38:25,967 autoreload 677 Watching for file changes with StatReloader
INFO 2022-05-10 12:24:11,936 io 503 created photo5
INFO 2022-05-10 12:28:11,646 io 503 created photo5
INFO 2022-05-10 12:37:27,894 io 503 created photo5
INFO 2022-05-10 12:44:10,614 io 503 created photo5
INFO 2022-05-10 12:44:49,484 io 503 created photo5
INFO 2022-05-10 12:48:50,789 io 503 created photo5
INFO 2022-05-10 12:50:37,738 io 503 created photo5
INFO 2022-05-10 12:51:34,048 io 503 created photo5
INFO 2022-05-10 13:30:03,849 autoreload 677 Watching for file changes with StatReloader
INFO 2022-05-10 15:16:15,509 io 503 created photo5
INFO 2022-05-10 15:19:04,712 io 504 created photo5
INFO 2022-05-10 15:21:26,322 io 504 created photo5
INFO 2022-05-12 10:49:31,074 autoreload 677 Watching for file changes with StatReloader
INFO 2022-05-12 10:50:15,531 autoreload 266 /home/wsllxj/gcdll-back/gallery/comment_check.py changed, reloading.
INFO 2022-05-12 10:50:15,865 autoreload 677 Watching for file changes with StatReloader
INFO 2022-05-12 11:08:54,460 autoreload 677 Watching for file changes with StatReloader
INFO 2022-05-12 11:09:17,923 autoreload 266 /home/wsllxj/gcdll-back/gallery/io.py changed, reloading.
INFO 2022-05-12 11:09:18,266 autoreload 677 Watching for file changes with StatReloader
INFO 2022-05-12 11:09:26,880 comment_check 22 <Response [200]>
INFO 2022-05-12 11:09:27,600 io 521 created photo5
INFO 2022-05-12 11:10:03,769 autoreload 266 /home/wsllxj/gcdll-back/gallery/io.py changed, reloading.
INFO 2022-05-12 11:10:04,060 autoreload 677 Watching for file changes with StatReloader
INFO 2022-05-12 13:59:18,747 comment_check 22 <Response [200]>
INFO 2022-05-12 13:59:19,616 io 521 created photo5
INFO 2022-05-12 14:35:21,602 comment_check 22 <Response [200]>
INFO 2022-05-12 14:35:22,314 comment_check 22 <Response [200]>
INFO 2022-05-12 14:35:23,140 io 521 created photo5
INFO 2022-05-14 12:17:28,338 comment_check 22 <Response [200]>
INFO 2022-05-14 12:17:29,645 comment_check 22 <Response [200]>
INFO 2022-05-14 12:17:30,335 io 527 created photo5
INFO 2022-05-14 12:18:50,595 comment_check 22 <Response [200]>
INFO 2022-05-14 12:18:51,907 comment_check 22 <Response [200]>
INFO 2022-05-14 12:18:52,652 io 527 created photo5
INFO 2022-05-14 12:32:43,679 comment_check 22 <Response [200]>
INFO 2022-05-14 12:32:44,388 io 545 created photo5
INFO 2022-05-14 12:35:09,882 comment_check 22 <Response [200]>
INFO 2022-05-14 12:35:11,667 comment_check 22 <Response [200]>
INFO 2022-05-14 12:35:12,328 io 545 created photo5
=======
INFO 2022-05-12 13:16:47,486 io 515 created photo720
INFO 2022-05-12 13:16:47,846 io 515 created photo721
INFO 2022-05-12 13:16:48,141 io 515 created photo722
INFO 2022-05-12 13:16:48,361 io 515 created photo723
INFO 2022-05-12 13:16:48,589 io 515 created photo724
INFO 2022-05-12 13:16:48,778 io 515 created photo725
INFO 2022-05-12 13:16:49,086 io 515 created photo726
INFO 2022-05-12 13:16:49,427 io 515 created photo727
INFO 2022-05-12 13:16:49,985 io 515 created photo728
INFO 2022-05-12 13:16:50,253 io 515 created photo729
INFO 2022-05-12 13:16:50,503 views 1557 726 start fixing
INFO 2022-05-12 13:16:50,610 io 515 created photo730
INFO 2022-05-12 13:16:50,766 ai_fix 224 728 send
INFO 2022-05-12 13:16:51,156 io 515 created photo731
INFO 2022-05-12 13:16:51,482 io 515 created photo732
INFO 2022-05-12 13:16:51,829 io 515 created photo733
INFO 2022-05-12 13:16:52,015 io 515 created photo734
INFO 2022-05-12 13:16:52,285 views 1557 723 start fixing
INFO 2022-05-12 13:16:52,779 io 515 created photo735
INFO 2022-05-12 13:16:53,169 ai_fix 224 733 send
INFO 2022-05-12 13:16:53,700 io 515 created photo736
INFO 2022-05-12 13:16:53,941 io 515 created photo737
INFO 2022-05-12 13:16:54,227 io 515 created photo738
INFO 2022-05-12 13:16:54,468 io 515 created photo739
INFO 2022-05-12 13:16:55,036 io 515 created photo740
INFO 2022-05-12 13:16:55,148 io 515 created photo741
INFO 2022-05-12 13:16:55,294 ai_fix 143 729 send
INFO 2022-05-12 13:16:55,355 io 515 created photo742
INFO 2022-05-12 13:16:55,428 io 515 created photo743
INFO 2022-05-12 13:16:55,469 io 515 created photo744
INFO 2022-05-12 13:16:55,570 io 515 created photo745
INFO 2022-05-12 13:16:55,613 io 515 created photo746
INFO 2022-05-12 13:16:55,953 ai_fix 143 734 send
INFO 2022-05-12 13:16:57,403 basehttp 187 "POST /api/search HTTP/1.1" 200 48
INFO 2022-05-12 13:16:57,439 basehttp 187 "POST /api/search HTTP/1.1" 200 48
INFO 2022-05-12 13:16:57,975 basehttp 187 "POST /api/search HTTP/1.1" 200 1498
INFO 2022-05-12 13:16:57,979 basehttp 187 "POST /api/search HTTP/1.1" 200 1498
INFO 2022-05-12 13:16:58,063 basehttp 187 "GET /static/photo/raw/727.jpeg HTTP/1.1" 200 48489
INFO 2022-05-12 13:16:58,069 basehttp 187 "GET /static/photo/raw/726.jpeg HTTP/1.1" 200 55477
INFO 2022-05-12 13:16:58,076 basehttp 187 "GET /static/photo/raw/723.jpeg HTTP/1.1" 200 131344
INFO 2022-05-12 13:16:58,078 basehttp 187 "GET /static/photo/raw/725.jpeg HTTP/1.1" 200 56997
INFO 2022-05-12 13:16:58,084 basehttp 187 "GET /static/photo/raw/730.jpeg HTTP/1.1" 200 145780
INFO 2022-05-12 13:16:58,088 basehttp 187 "POST /api/search HTTP/1.1" 200 1498
INFO 2022-05-12 13:16:58,709 basehttp 187 "POST /api/search HTTP/1.1" 200 5625
INFO 2022-05-12 13:16:58,731 basehttp 187 "POST /api/search HTTP/1.1" 200 5625
INFO 2022-05-12 13:16:58,804 basehttp 187 "POST /api/search HTTP/1.1" 200 5625
INFO 2022-05-12 13:16:58,856 basehttp 187 "GET /static/photo/processed/728.jpeg HTTP/1.1" 200 381909
INFO 2022-05-12 13:16:58,869 basehttp 187 "GET /static/photo/processed/733.jpeg HTTP/1.1" 200 516258
INFO 2022-05-12 13:16:58,956 basehttp 187 "GET /static/photo/processed/729.jpeg HTTP/1.1" 200 1049037
INFO 2022-05-12 13:16:58,997 basehttp 187 "POST /api/search HTTP/1.1" 200 1449
INFO 2022-05-12 13:16:59,100 basehttp 187 "POST /api/search HTTP/1.1" 200 5625
INFO 2022-05-12 13:16:59,141 basehttp 187 "POST /api/search HTTP/1.1" 200 48
INFO 2022-05-12 13:16:59,249 basehttp 187 "POST /api/search HTTP/1.1" 200 5625
INFO 2022-05-12 13:16:59,361 basehttp 187 "POST /api/search HTTP/1.1" 200 1400
INFO 2022-05-12 13:16:59,430 basehttp 187 "POST /api/search HTTP/1.1" 200 48
INFO 2022-05-12 13:16:59,526 io 515 created photo747
INFO 2022-05-12 13:16:59,606 io 515 created photo748
INFO 2022-05-12 13:16:59,646 io 515 created photo749
INFO 2022-05-12 13:16:59,759 basehttp 187 "POST /api/search HTTP/1.1" 200 48
INFO 2022-05-12 13:17:00,288 basehttp 187 "GET /api/repair?id=727 HTTP/1.1" 200 1197
INFO 2022-05-12 13:17:00,299 basehttp 187 "GET /api/repair?id=723 HTTP/1.1" 200 1292
INFO 2022-05-12 13:17:00,301 basehttp 187 "GET /api/repair?id=730 HTTP/1.1" 200 1197
INFO 2022-05-12 13:17:00,308 basehttp 187 "GET /api/repair?id=725 HTTP/1.1" 200 1197
INFO 2022-05-12 13:17:00,387 basehttp 187 "POST /api/search HTTP/1.1" 200 48
INFO 2022-05-12 13:17:00,389 basehttp 187 "GET /api/repair?id=726 HTTP/1.1" 200 1293
INFO 2022-05-12 13:17:00,455 basehttp 187 "POST /api/search HTTP/1.1" 200 48
INFO 2022-05-12 13:17:00,859 basehttp 187 "POST /api/search HTTP/1.1" 200 1486
INFO 2022-05-12 13:17:00,888 basehttp 187 "POST /api/search HTTP/1.1" 200 1486
INFO 2022-05-12 13:17:00,901 basehttp 187 "GET /static/photo/raw/724.jpeg HTTP/1.1" 200 17497
INFO 2022-05-12 13:17:00,959 basehttp 187 "POST /api/search HTTP/1.1" 200 48
INFO 2022-05-12 13:17:01,030 basehttp 187 "POST /api/search HTTP/1.1" 200 1486
INFO 2022-05-12 13:17:01,033 basehttp 187 "GET /static/photo/raw/747.jpeg HTTP/1.1" 200 338444
INFO 2022-05-12 13:17:01,112 basehttp 187 "POST /api/search HTTP/1.1" 200 48
INFO 2022-05-12 13:17:01,523 basehttp 187 "POST /api/search HTTP/1.1" 200 1486
INFO 2022-05-12 13:17:01,656 basehttp 187 "POST /api/search HTTP/1.1" 200 1486
INFO 2022-05-12 13:17:01,715 basehttp 187 "POST /api/search HTTP/1.1" 200 48
INFO 2022-05-12 13:17:02,295 basehttp 187 "POST /api/search HTTP/1.1" 200 1486
INFO 2022-05-12 13:17:02,504 basehttp 187 "POST /api/search HTTP/1.1" 200 5699
INFO 2022-05-12 13:17:02,511 basehttp 187 "POST /api/search HTTP/1.1" 200 5699
INFO 2022-05-12 13:17:02,597 basehttp 187 "POST /api/search HTTP/1.1" 200 5699
INFO 2022-05-12 13:17:02,757 basehttp 187 "POST /api/search HTTP/1.1" 200 5699
INFO 2022-05-12 13:17:02,804 basehttp 187 "POST /api/search HTTP/1.1" 200 5699
INFO 2022-05-12 13:17:02,806 basehttp 187 "GET /static/photo/processed/734.jpeg HTTP/1.1" 200 1249772
INFO 2022-05-12 13:17:02,911 basehttp 187 "POST /api/fixupload HTTP/1.1" 200 34
INFO 2022-05-12 13:17:02,936 views 1557 747 start fixing
INFO 2022-05-12 13:17:02,974 basehttp 187 "GET /api/repair?id=747 HTTP/1.1" 200 1196
INFO 2022-05-12 13:17:03,094 basehttp 187 "POST /api/search HTTP/1.1" 200 5699
INFO 2022-05-12 13:17:03,247 basehttp 187 "POST /api/search HTTP/1.1" 200 5699
INFO 2022-05-12 13:17:03,300 ai_fix 224 748 send
INFO 2022-05-12 13:17:03,308 basehttp 187 "POST /api/search HTTP/1.1" 200 48
INFO 2022-05-12 13:17:03,331 basehttp 187 "POST /api/fixupload HTTP/1.1" 200 34
INFO 2022-05-12 13:17:03,365 basehttp 187 "POST /api/search HTTP/1.1" 200 48
INFO 2022-05-12 13:17:03,385 views 1557 725 start fixing
INFO 2022-05-12 13:17:03,451 basehttp 187 "GET /api/repair?id=725 HTTP/1.1" 200 1197
INFO 2022-05-12 13:17:03,478 basehttp 187 "GET /api/repair?id=724 HTTP/1.1" 200 1196
INFO 2022-05-12 13:17:03,515 basehttp 187 "POST /api/search HTTP/1.1" 200 1474
INFO 2022-05-12 13:17:03,558 basehttp 187 "POST /api/search HTTP/1.1" 200 48
INFO 2022-05-12 13:17:03,667 basehttp 187 "POST /api/search HTTP/1.1" 200 5699
INFO 2022-05-12 13:17:03,699 ai_fix 224 738 send
INFO 2022-05-12 13:17:03,721 basehttp 187 "POST /api/search HTTP/1.1" 200 48
INFO 2022-05-12 13:17:03,928 basehttp 187 "GET /api/repair?id=730 HTTP/1.1" 200 1197
INFO 2022-05-12 13:17:04,065 basehttp 187 "POST /api/search HTTP/1.1" 200 1462
INFO 2022-05-12 13:17:04,167 basehttp 187 "GET /api/repair?id=727 HTTP/1.1" 200 1197
INFO 2022-05-12 13:17:04,216 basehttp 187 "POST /api/search HTTP/1.1" 200 1462
INFO 2022-05-12 13:17:04,504 basehttp 187 "GET /api/repair?id=747 HTTP/1.1" 200 1174
INFO 2022-05-12 13:17:04,577 basehttp 187 "GET /api/repair?id=730 HTTP/1.1" 200 1196
INFO 2022-05-12 13:17:04,644 basehttp 187 "GET /api/repair?id=727 HTTP/1.1" 200 1197
INFO 2022-05-12 13:17:04,741 basehttp 187 "POST /api/search HTTP/1.1" 200 48
INFO 2022-05-12 13:17:04,745 basehttp 187 "GET /api/repair?id=725 HTTP/1.1" 200 1174
INFO 2022-05-12 13:17:04,843 basehttp 187 "GET /api/repair?id=724 HTTP/1.1" 200 1196
INFO 2022-05-12 13:17:04,901 basehttp 187 "POST /api/search HTTP/1.1" 200 48
INFO 2022-05-12 13:17:05,093 basehttp 187 "POST /api/search HTTP/1.1" 200 1462
INFO 2022-05-12 13:17:05,184 basehttp 187 "POST /api/search HTTP/1.1" 200 5699
INFO 2022-05-12 13:17:05,187 basehttp 187 "POST /api/search HTTP/1.1" 200 1462
INFO 2022-05-12 13:17:05,440 basehttp 187 "POST /api/search HTTP/1.1" 200 5699
INFO 2022-05-12 13:17:05,440 basehttp 187 "POST /api/search HTTP/1.1" 200 5699
INFO 2022-05-12 13:17:06,343 basehttp 187 "GET /api/repair?id=724 HTTP/1.1" 200 1196
INFO 2022-05-12 13:17:06,375 basehttp 187 "GET /api/repair?id=730 HTTP/1.1" 200 1197
INFO 2022-05-12 13:17:06,390 basehttp 187 "GET /api/repair?id=725 HTTP/1.1" 200 1174
INFO 2022-05-12 13:17:06,415 basehttp 187 "GET /api/repair?id=727 HTTP/1.1" 200 1197
INFO 2022-05-12 13:17:06,420 basehttp 187 "GET /api/repair?id=747 HTTP/1.1" 200 1173
INFO 2022-05-12 13:17:06,629 ai_fix 143 741 send
INFO 2022-05-12 13:17:06,895 ai_fix 143 749 send
INFO 2022-05-12 13:17:08,405 basehttp 187 "GET /api/repair?id=725 HTTP/1.1" 200 1252
INFO 2022-05-12 13:17:08,436 basehttp 187 "GET /api/repair?id=727 HTTP/1.1" 200 1197
INFO 2022-05-12 13:17:08,454 basehttp 187 "GET /api/repair?id=730 HTTP/1.1" 200 1197
INFO 2022-05-12 13:17:08,466 basehttp 187 "GET /api/repair?id=724 HTTP/1.1" 200 1197
INFO 2022-05-12 13:17:08,494 basehttp 187 "GET /api/repair?id=747 HTTP/1.1" 200 1251
INFO 2022-05-12 13:17:08,514 basehttp 187 "POST /api/search HTTP/1.1" 200 48
INFO 2022-05-12 13:17:08,553 basehttp 187 "POST /api/search HTTP/1.1" 200 48
INFO 2022-05-12 13:17:08,779 basehttp 187 "POST /api/search HTTP/1.1" 200 1498
INFO 2022-05-12 13:17:08,780 basehttp 187 "POST /api/search HTTP/1.1" 200 1498
INFO 2022-05-12 13:17:09,086 basehttp 187 "POST /api/search HTTP/1.1" 200 5613
INFO 2022-05-12 13:17:09,117 basehttp 187 "POST /api/search HTTP/1.1" 200 5613
INFO 2022-05-12 13:17:09,125 basehttp 187 "GET /static/photo/processed/738.jpeg HTTP/1.1" 200 224752
INFO 2022-05-12 13:17:09,129 basehttp 187 "GET /static/photo/processed/748.jpeg HTTP/1.1" 200 1309965
INFO 2022-05-12 13:17:10,411 basehttp 187 "GET /api/repair?id=724 HTTP/1.1" 200 1196
INFO 2022-05-12 13:17:10,441 basehttp 187 "GET /api/repair?id=747 HTTP/1.1" 200 1252
INFO 2022-05-12 13:17:10,452 basehttp 187 "GET /api/repair?id=725 HTTP/1.1" 200 1276
INFO 2022-05-12 13:17:10,495 basehttp 187 "GET /api/repair?id=727 HTTP/1.1" 200 1196
INFO 2022-05-12 13:17:10,545 basehttp 187 "POST /api/search HTTP/1.1" 200 48
INFO 2022-05-12 13:17:10,577 basehttp 187 "GET /api/repair?id=730 HTTP/1.1" 200 1197
INFO 2022-05-12 13:17:10,603 basehttp 187 "POST /api/search HTTP/1.1" 200 48
INFO 2022-05-12 13:17:10,856 basehttp 187 "POST /api/search HTTP/1.1" 200 1492
INFO 2022-05-12 13:17:10,903 basehttp 187 "GET /static/photo/raw/722.jpeg HTTP/1.1" 200 77344
INFO 2022-05-12 13:17:10,910 basehttp 187 "POST /api/search HTTP/1.1" 200 1492
INFO 2022-05-12 13:17:11,220 basehttp 187 "POST /api/search HTTP/1.1" 200 5624
INFO 2022-05-12 13:17:11,236 basehttp 187 "POST /api/search HTTP/1.1" 200 5624
INFO 2022-05-12 13:17:11,254 basehttp 187 "GET /static/photo/processed/741.jpeg HTTP/1.1" 200 584549
INFO 2022-05-12 13:17:11,406 basehttp 187 "POST /api/fixupload HTTP/1.1" 200 34
INFO 2022-05-12 13:17:11,473 views 1557 720 start fixing
INFO 2022-05-12 13:17:11,518 ai_fix 224 740 send
INFO 2022-05-12 13:17:12,338 basehttp 187 "GET /api/repair?id=747 HTTP/1.1" 200 1292
INFO 2022-05-12 13:17:12,431 basehttp 187 "GET /api/repair?id=724 HTTP/1.1" 200 1197
INFO 2022-05-12 13:17:12,432 basehttp 187 "GET /api/repair?id=730 HTTP/1.1" 200 1197
INFO 2022-05-12 13:17:12,473 basehttp 187 "GET /api/repair?id=722 HTTP/1.1" 200 1197
INFO 2022-05-12 13:17:12,494 basehttp 187 "GET /api/repair?id=727 HTTP/1.1" 200 1197
INFO 2022-05-12 13:17:12,566 basehttp 187 "POST /api/search HTTP/1.1" 200 48
INFO 2022-05-12 13:17:12,611 basehttp 187 "POST /api/search HTTP/1.1" 200 48
INFO 2022-05-12 13:17:12,939 basehttp 187 "POST /api/search HTTP/1.1" 200 1474
INFO 2022-05-12 13:17:12,992 basehttp 187 "POST /api/search HTTP/1.1" 200 48
INFO 2022-05-12 13:17:13,035 basehttp 187 "POST /api/search HTTP/1.1" 200 1474
INFO 2022-05-12 13:17:13,042 basehttp 187 "GET /static/photo/raw/720.jpeg HTTP/1.1" 200 276494
INFO 2022-05-12 13:17:13,111 basehttp 187 "POST /api/search HTTP/1.1" 200 1474
INFO 2022-05-12 13:17:13,476 basehttp 187 "POST /api/search HTTP/1.1" 200 5649
INFO 2022-05-12 13:17:13,663 basehttp 187 "POST /api/search HTTP/1.1" 200 5649
INFO 2022-05-12 13:17:13,672 basehttp 187 "POST /api/search HTTP/1.1" 200 5649
INFO 2022-05-12 13:17:13,682 basehttp 187 "GET /static/photo/processed/749.jpeg HTTP/1.1" 200 2408745
INFO 2022-05-12 13:17:13,698 basehttp 187 "POST /api/fixupload HTTP/1.1" 200 34
INFO 2022-05-12 13:17:14,300 basehttp 187 "GET /api/repair?id=720 HTTP/1.1" 200 1174
INFO 2022-05-12 13:17:14,318 basehttp 187 "GET /api/repair?id=727 HTTP/1.1" 200 1196
INFO 2022-05-12 13:17:14,321 basehttp 187 "GET /api/repair?id=730 HTTP/1.1" 200 1196
INFO 2022-05-12 13:17:14,367 basehttp 187 "POST /api/search HTTP/1.1" 200 48
INFO 2022-05-12 13:17:14,490 basehttp 187 "GET /api/repair?id=724 HTTP/1.1" 200 1197
INFO 2022-05-12 13:17:14,500 basehttp 187 "GET /api/repair?id=722 HTTP/1.1" 200 1197
INFO 2022-05-12 13:17:14,561 basehttp 187 "POST /api/search HTTP/1.1" 200 1474
INFO 2022-05-12 13:17:14,640 basehttp 187 "POST /api/search HTTP/1.1" 200 5649
INFO 2022-05-12 13:17:14,733 views 1557 722 start fixing
INFO 2022-05-12 13:17:14,772 ai_fix 224 745 send
INFO 2022-05-12 13:17:14,847 ai_fix 143 744 send
INFO 2022-05-12 13:17:16,391 basehttp 187 "GET /api/repair?id=730 HTTP/1.1" 200 1197
INFO 2022-05-12 13:17:16,396 basehttp 187 "GET /api/repair?id=727 HTTP/1.1" 200 1197
INFO 2022-05-12 13:17:16,401 basehttp 187 "GET /api/repair?id=724 HTTP/1.1" 200 1197
INFO 2022-05-12 13:17:16,418 basehttp 187 "GET /api/repair?id=720 HTTP/1.1" 200 1252
INFO 2022-05-12 13:17:16,418 basehttp 187 "GET /api/repair?id=722 HTTP/1.1" 200 1172
INFO 2022-05-12 13:17:16,502 basehttp 187 "POST /api/search HTTP/1.1" 200 48
INFO 2022-05-12 13:17:16,504 basehttp 187 "POST /api/search HTTP/1.1" 200 48
INFO 2022-05-12 13:17:16,753 basehttp 187 "POST /api/search HTTP/1.1" 200 1480
INFO 2022-05-12 13:17:16,795 basehttp 187 "POST /api/search HTTP/1.1" 200 1480
INFO 2022-05-12 13:17:17,088 basehttp 187 "POST /api/search HTTP/1.1" 200 5606
INFO 2022-05-12 13:17:17,092 basehttp 187 "POST /api/search HTTP/1.1" 200 5606
INFO 2022-05-12 13:17:17,111 basehttp 187 "GET /static/photo/processed/740.jpeg HTTP/1.1" 200 1139786
INFO 2022-05-12 13:17:17,211 ai_fix 143 746 send
INFO 2022-05-12 13:17:18,413 basehttp 187 "GET /api/repair?id=720 HTTP/1.1" 200 1276
INFO 2022-05-12 13:17:18,475 basehttp 187 "GET /api/repair?id=727 HTTP/1.1" 200 1197
INFO 2022-05-12 13:17:18,478 basehttp 187 "GET /api/repair?id=730 HTTP/1.1" 200 1197
INFO 2022-05-12 13:17:18,507 basehttp 187 "GET /api/repair?id=724 HTTP/1.1" 200 1196
INFO 2022-05-12 13:17:18,548 basehttp 187 "GET /api/repair?id=722 HTTP/1.1" 200 1251
INFO 2022-05-12 13:17:18,556 basehttp 187 "POST /api/search HTTP/1.1" 200 48
INFO 2022-05-12 13:17:18,603 basehttp 187 "POST /api/search HTTP/1.1" 200 48
INFO 2022-05-12 13:17:19,079 basehttp 187 "POST /api/search HTTP/1.1" 200 1492
INFO 2022-05-12 13:17:19,149 basehttp 187 "POST /api/search HTTP/1.1" 200 48
INFO 2022-05-12 13:17:19,174 basehttp 187 "POST /api/search HTTP/1.1" 200 1492
INFO 2022-05-12 13:17:19,184 basehttp 187 "POST /api/search HTTP/1.1" 200 1492
INFO 2022-05-12 13:17:19,234 basehttp 187 "GET /static/photo/raw/721.jpeg HTTP/1.1" 200 458547
INFO 2022-05-12 13:17:19,641 basehttp 187 "POST /api/search HTTP/1.1" 200 5546
INFO 2022-05-12 13:17:19,707 basehttp 187 "POST /api/search HTTP/1.1" 200 5546
INFO 2022-05-12 13:17:19,722 basehttp 187 "GET /static/photo/processed/745.jpeg HTTP/1.1" 200 281671
INFO 2022-05-12 13:17:19,741 basehttp 187 "POST /api/search HTTP/1.1" 200 5546
INFO 2022-05-12 13:17:19,749 basehttp 187 "GET /static/photo/processed/744.jpeg HTTP/1.1" 200 2246999
INFO 2022-05-12 13:17:20,453 basehttp 187 "GET /api/repair?id=722 HTTP/1.1" 200 1277
INFO 2022-05-12 13:17:20,500 basehttp 187 "GET /api/repair?id=724 HTTP/1.1" 200 1196
INFO 2022-05-12 13:17:20,532 basehttp 187 "GET /api/repair?id=730 HTTP/1.1" 200 1196
INFO 2022-05-12 13:17:20,564 basehttp 187 "GET /api/repair?id=727 HTTP/1.1" 200 1197
INFO 2022-05-12 13:17:20,567 basehttp 187 "POST /api/search HTTP/1.1" 200 48
INFO 2022-05-12 13:17:20,592 basehttp 187 "GET /api/repair?id=721 HTTP/1.1" 200 1196
INFO 2022-05-12 13:17:20,627 basehttp 187 "POST /api/search HTTP/1.1" 200 48
INFO 2022-05-12 13:17:20,936 basehttp 187 "POST /api/search HTTP/1.1" 200 1198
INFO 2022-05-12 13:17:20,939 basehttp 187 "POST /api/search HTTP/1.1" 200 1198
INFO 2022-05-12 13:17:20,988 basehttp 187 "POST /api/search HTTP/1.1" 200 48
INFO 2022-05-12 13:17:21,030 basehttp 187 "POST /api/search HTTP/1.1" 200 1198
INFO 2022-05-12 13:17:21,388 basehttp 187 "POST /api/search HTTP/1.1" 200 5501
INFO 2022-05-12 13:17:21,550 basehttp 187 "POST /api/search HTTP/1.1" 200 5501
INFO 2022-05-12 13:17:21,558 basehttp 187 "POST /api/search HTTP/1.1" 200 5501
INFO 2022-05-12 13:17:21,562 basehttp 187 "GET /static/photo/processed/746.jpeg HTTP/1.1" 200 721821
INFO 2022-05-12 13:17:22,381 basehttp 187 "GET /api/repair?id=721 HTTP/1.1" 200 1197
INFO 2022-05-12 13:17:22,393 basehttp 187 "GET /api/repair?id=727 HTTP/1.1" 200 1196
INFO 2022-05-12 13:17:22,398 basehttp 187 "GET /api/repair?id=724 HTTP/1.1" 200 1195
INFO 2022-05-12 13:17:22,404 basehttp 187 "GET /api/repair?id=730 HTTP/1.1" 200 1197
INFO 2022-05-12 13:17:22,599 basehttp 187 "POST /api/fixupload HTTP/1.1" 200 34
INFO 2022-05-12 13:17:22,884 views 1557 730 start fixing
INFO 2022-05-12 13:17:22,938 ai_fix 224 736 send
INFO 2022-05-12 13:17:24,335 basehttp 187 "GET /api/repair?id=727 HTTP/1.1" 200 1196
INFO 2022-05-12 13:17:24,340 basehttp 187 "GET /api/repair?id=730 HTTP/1.1" 200 1174
INFO 2022-05-12 13:17:24,361 basehttp 187 "GET /api/repair?id=724 HTTP/1.1" 200 1196
INFO 2022-05-12 13:17:24,365 basehttp 187 "GET /api/repair?id=721 HTTP/1.1" 200 1197
INFO 2022-05-12 13:17:24,420 basehttp 187 "POST /api/search HTTP/1.1" 200 48
INFO 2022-05-12 13:17:24,491 basehttp 187 "POST /api/search HTTP/1.1" 200 1186
INFO 2022-05-12 13:17:24,617 basehttp 187 "POST /api/search HTTP/1.1" 200 5501
INFO 2022-05-12 13:17:24,628 basehttp 187 "POST /api/fixupload HTTP/1.1" 200 34
INFO 2022-05-12 13:17:24,914 views 1557 721 start fixing
INFO 2022-05-12 13:17:25,225 ai_fix 224 735 send
INFO 2022-05-12 13:17:25,882 ai_fix 143 737 send
INFO 2022-05-12 13:17:26,376 basehttp 187 "GET /api/repair?id=727 HTTP/1.1" 200 1196
INFO 2022-05-12 13:17:26,385 basehttp 187 "GET /api/repair?id=730 HTTP/1.1" 200 1252
INFO 2022-05-12 13:17:26,401 basehttp 187 "GET /api/repair?id=721 HTTP/1.1" 200 1174
INFO 2022-05-12 13:17:26,432 basehttp 187 "GET /api/repair?id=724 HTTP/1.1" 200 1196
INFO 2022-05-12 13:17:26,472 basehttp 187 "POST /api/search HTTP/1.1" 200 48
INFO 2022-05-12 13:17:26,489 basehttp 187 "POST /api/search HTTP/1.1" 200 48
INFO 2022-05-12 13:17:26,702 basehttp 187 "POST /api/search HTTP/1.1" 200 1192
INFO 2022-05-12 13:17:26,703 basehttp 187 "POST /api/search HTTP/1.1" 200 1192
INFO 2022-05-12 13:17:27,056 basehttp 187 "POST /api/search HTTP/1.1" 200 5501
INFO 2022-05-12 13:17:27,064 basehttp 187 "POST /api/search HTTP/1.1" 200 5501
INFO 2022-05-12 13:17:27,074 basehttp 187 "GET /static/photo/processed/736.jpeg HTTP/1.1" 200 730484
INFO 2022-05-12 13:17:27,659 ai_fix 143 739 send
INFO 2022-05-12 13:17:28,452 basehttp 187 "GET /api/repair?id=721 HTTP/1.1" 200 1252
INFO 2022-05-12 13:17:28,455 basehttp 187 "GET /api/repair?id=724 HTTP/1.1" 200 1196
INFO 2022-05-12 13:17:28,479 basehttp 187 "GET /api/repair?id=730 HTTP/1.1" 200 1252
INFO 2022-05-12 13:17:28,511 basehttp 187 "GET /api/repair?id=727 HTTP/1.1" 200 1196
INFO 2022-05-12 13:17:28,530 basehttp 187 "POST /api/search HTTP/1.1" 200 48
INFO 2022-05-12 13:17:28,602 basehttp 187 "POST /api/search HTTP/1.1" 200 1210
INFO 2022-05-12 13:17:28,806 basehttp 187 "POST /api/search HTTP/1.1" 200 5458
INFO 2022-05-12 13:17:28,862 basehttp 187 "GET /static/photo/processed/735.jpeg HTTP/1.1" 200 668366
INFO 2022-05-12 13:17:30,054 basehttp 187 "POST /api/fixupload HTTP/1.1" 200 34
INFO 2022-05-12 13:17:30,423 basehttp 187 "GET /api/repair?id=721 HTTP/1.1" 200 1252
INFO 2022-05-12 13:17:30,474 basehttp 187 "GET /api/repair?id=727 HTTP/1.1" 200 1196
INFO 2022-05-12 13:17:30,477 basehttp 187 "GET /api/repair?id=724 HTTP/1.1" 200 1196
INFO 2022-05-12 13:17:30,481 basehttp 187 "GET /api/repair?id=730 HTTP/1.1" 200 1292
INFO 2022-05-12 13:17:30,581 basehttp 187 "POST /api/search HTTP/1.1" 200 48
INFO 2022-05-12 13:17:30,591 basehttp 187 "POST /api/search HTTP/1.1" 200 48
INFO 2022-05-12 13:17:30,776 basehttp 187 "POST /api/search HTTP/1.1" 200 916
INFO 2022-05-12 13:17:30,779 basehttp 187 "POST /api/search HTTP/1.1" 200 916
INFO 2022-05-12 13:17:31,191 basehttp 187 "POST /api/search HTTP/1.1" 200 5519
INFO 2022-05-12 13:17:31,199 basehttp 187 "POST /api/search HTTP/1.1" 200 5519
INFO 2022-05-12 13:17:31,216 basehttp 187 "GET /static/photo/processed/737.jpeg HTTP/1.1" 200 2100501
INFO 2022-05-12 13:17:31,250 views 1557 727 start fixing
INFO 2022-05-12 13:17:31,295 ai_fix 224 731 send
INFO 2022-05-12 13:17:32,324 basehttp 187 "GET /api/repair?id=727 HTTP/1.1" 200 1174
INFO 2022-05-12 13:17:32,342 basehttp 187 "GET /api/repair?id=721 HTTP/1.1" 200 1292
INFO 2022-05-12 13:17:32,414 basehttp 187 "POST /api/search HTTP/1.1" 200 48
INFO 2022-05-12 13:17:32,415 basehttp 187 "GET /api/repair?id=724 HTTP/1.1" 200 1196
INFO 2022-05-12 13:17:32,468 basehttp 187 "POST /api/search HTTP/1.1" 200 48
INFO 2022-05-12 13:17:32,574 basehttp 187 "POST /api/search HTTP/1.1" 200 610
INFO 2022-05-12 13:17:32,610 basehttp 187 "POST /api/search HTTP/1.1" 200 610
INFO 2022-05-12 13:17:32,633 basehttp 187 "POST /api/search HTTP/1.1" 200 48
INFO 2022-05-12 13:17:32,656 basehttp 187 "POST /api/search HTTP/1.1" 200 610
INFO 2022-05-12 13:17:33,220 basehttp 187 "POST /api/search HTTP/1.1" 200 5544
INFO 2022-05-12 13:17:33,238 basehttp 187 "POST /api/search HTTP/1.1" 200 5544
INFO 2022-05-12 13:17:33,285 basehttp 187 "POST /api/search HTTP/1.1" 200 5544
INFO 2022-05-12 13:17:33,305 basehttp 187 "GET /static/photo/processed/739.jpeg HTTP/1.1" 200 2242744
INFO 2022-05-12 13:17:33,405 ai_fix 143 732 send
INFO 2022-05-12 13:17:33,439 basehttp 187 "POST /api/fixupload HTTP/1.1" 200 34
INFO 2022-05-12 13:17:34,266 basehttp 187 "GET /api/repair?id=727 HTTP/1.1" 200 1252
INFO 2022-05-12 13:17:34,274 basehttp 187 "GET /api/repair?id=724 HTTP/1.1" 200 1196
INFO 2022-05-12 13:17:34,304 basehttp 187 "POST /api/search HTTP/1.1" 200 48
INFO 2022-05-12 13:17:34,326 basehttp 187 "POST /api/search HTTP/1.1" 200 628
INFO 2022-05-12 13:17:34,450 basehttp 187 "POST /api/search HTTP/1.1" 200 5501
INFO 2022-05-12 13:17:34,466 basehttp 187 "GET /static/photo/processed/731.jpeg HTTP/1.1" 200 208741
INFO 2022-05-12 13:17:34,477 views 1557 724 start fixing
INFO 2022-05-12 13:17:34,512 ai_fix 224 742 send
INFO 2022-05-12 13:17:36,266 basehttp 187 "POST /api/fixupload HTTP/1.1" 200 34
INFO 2022-05-12 13:17:36,307 basehttp 187 "GET /api/repair?id=727 HTTP/1.1" 200 1276
INFO 2022-05-12 13:17:36,307 basehttp 187 "GET /api/repair?id=724 HTTP/1.1" 200 1173
INFO 2022-05-12 13:17:36,385 basehttp 187 "POST /api/search HTTP/1.1" 200 48
INFO 2022-05-12 13:17:36,389 basehttp 187 "POST /api/search HTTP/1.1" 200 48
INFO 2022-05-12 13:17:36,502 basehttp 187 "POST /api/search HTTP/1.1" 200 322
INFO 2022-05-12 13:17:36,517 basehttp 187 "POST /api/search HTTP/1.1" 200 322
INFO 2022-05-12 13:17:36,554 basehttp 187 "POST /api/search HTTP/1.1" 200 322
INFO 2022-05-12 13:17:37,046 basehttp 187 "POST /api/search HTTP/1.1" 200 5501
INFO 2022-05-12 13:17:37,056 basehttp 187 "POST /api/search HTTP/1.1" 200 5501
INFO 2022-05-12 13:17:37,084 basehttp 187 "POST /api/search HTTP/1.1" 200 5501
INFO 2022-05-12 13:17:37,088 basehttp 187 "GET /static/photo/processed/732.jpeg HTTP/1.1" 200 548219
INFO 2022-05-12 13:17:37,252 ai_fix 143 743 send
INFO 2022-05-12 13:17:37,354 basehttp 187 "POST /api/search HTTP/1.1" 200 48
INFO 2022-05-12 13:17:38,291 basehttp 187 "GET /api/repair?id=724 HTTP/1.1" 200 1252
INFO 2022-05-12 13:17:38,325 basehttp 187 "POST /api/search HTTP/1.1" 200 48
INFO 2022-05-12 13:17:38,347 basehttp 187 "POST /api/search HTTP/1.1" 200 340
INFO 2022-05-12 13:17:38,445 basehttp 187 "POST /api/search HTTP/1.1" 200 5519
INFO 2022-05-12 13:17:38,460 basehttp 187 "GET /static/photo/processed/742.jpeg HTTP/1.1" 200 95318
INFO 2022-05-12 13:17:39,229 basehttp 187 "POST /api/fixupload HTTP/1.1" 200 34
INFO 2022-05-12 13:17:39,927 basehttp 187 "GET /api/repair?id=724 HTTP/1.1" 200 1276
INFO 2022-05-12 13:17:40,039 basehttp 187 "POST /api/search HTTP/1.1" 200 48
INFO 2022-05-12 13:17:40,066 basehttp 187 "POST /api/search HTTP/1.1" 200 48
INFO 2022-05-12 13:17:40,068 basehttp 187 "POST /api/search HTTP/1.1" 200 48
INFO 2022-05-12 13:17:40,071 basehttp 187 "POST /api/search HTTP/1.1" 200 48
INFO 2022-05-12 13:17:40,599 basehttp 187 "POST /api/search HTTP/1.1" 200 5544
INFO 2022-05-12 13:17:40,600 basehttp 187 "POST /api/search HTTP/1.1" 200 5544
INFO 2022-05-12 13:17:40,687 basehttp 187 "GET /static/photo/processed/743.jpeg HTTP/1.1" 200 266442
INFO 2022-05-12 14:33:40,800 io 515 created photo593
INFO 2022-05-14 10:43:40,069 autoreload 677 Watching for file changes with StatReloader
INFO 2022-05-14 10:44:09,582 basehttp 187 "GET /api/login? HTTP/1.1" 200 80
INFO 2022-05-14 10:44:09,712 basehttp 187 "POST /api/search HTTP/1.1" 200 48
INFO 2022-05-14 10:44:09,725 basehttp 187 "GET /api/home? HTTP/1.1" 200 25
INFO 2022-05-14 10:44:09,737 basehttp 187 "POST /api/search HTTP/1.1" 200 48
INFO 2022-05-14 10:44:09,753 basehttp 187 "POST /api/search HTTP/1.1" 200 48
INFO 2022-05-14 10:44:09,759 basehttp 187 "POST /api/search HTTP/1.1" 200 48
INFO 2022-05-14 10:44:09,766 basehttp 187 "POST /api/search HTTP/1.1" 200 48
INFO 2022-05-14 10:44:09,768 basehttp 187 "POST /api/search HTTP/1.1" 200 48
INFO 2022-05-14 10:44:09,770 basehttp 187 "POST /api/search HTTP/1.1" 200 48
INFO 2022-05-14 10:44:14,574 basehttp 187 "POST /api/login HTTP/1.1" 200 139
INFO 2022-05-14 10:44:17,137 basehttp 187 "POST /api/login HTTP/1.1" 200 33
INFO 2022-05-14 10:44:22,720 basehttp 187 "POST /api/login HTTP/1.1" 200 109
INFO 2022-05-14 10:44:27,778 basehttp 187 "POST /api/login HTTP/1.1" 200 109
INFO 2022-05-14 10:44:36,965 basehttp 187 "POST /api/login HTTP/1.1" 200 119
INFO 2022-05-14 10:44:46,757 basehttp 187 "POST /api/login HTTP/1.1" 200 41
INFO 2022-05-14 10:44:49,119 basehttp 187 "POST /api/login HTTP/1.1" 200 33
INFO 2022-05-14 10:44:53,855 basehttp 187 "POST /api/login HTTP/1.1" 200 95
INFO 2022-05-14 10:44:57,070 basehttp 187 "POST /api/login HTTP/1.1" 200 135
INFO 2022-05-14 10:45:11,163 autoreload 677 Watching for file changes with StatReloader
INFO 2022-05-14 10:45:25,399 basehttp 187 "POST /api/login HTTP/1.1" 200 33
INFO 2022-05-14 10:45:28,791 basehttp 187 "POST /api/login HTTP/1.1" 200 135
INFO 2022-05-14 10:46:15,787 autoreload 266 /home/wsllxj/gcdll-back/gallery/io.py changed, reloading.
INFO 2022-05-14 10:46:18,500 basehttp 187 "POST /api/login HTTP/1.1" 200 41
INFO 2022-05-14 10:46:20,253 autoreload 677 Watching for file changes with StatReloader
INFO 2022-05-14 10:46:24,596 basehttp 187 "POST /api/login HTTP/1.1" 200 33
INFO 2022-05-14 10:46:27,508 basehttp 187 "POST /api/login HTTP/1.1" 200 135
INFO 2022-05-14 10:46:37,830 basehttp 187 "POST /api/login HTTP/1.1" 200 125
INFO 2022-05-14 10:46:46,307 autoreload 266 /home/wsllxj/gcdll-back/gallery/views.py changed, reloading.
INFO 2022-05-14 10:46:49,633 autoreload 677 Watching for file changes with StatReloader
INFO 2022-05-14 10:46:54,409 basehttp 187 "POST /api/login HTTP/1.1" 200 33
INFO 2022-05-14 10:47:25,808 basehttp 187 "POST /api/login HTTP/1.1" 200 135
INFO 2022-05-14 10:47:35,537 basehttp 187 "POST /api/login HTTP/1.1" 200 101
INFO 2022-05-14 10:47:42,067 basehttp 187 "POST /api/login HTTP/1.1" 200 33
INFO 2022-05-14 10:47:44,897 basehttp 187 "POST /api/login HTTP/1.1" 200 135
INFO 2022-05-14 10:47:49,733 basehttp 187 "POST /api/login HTTP/1.1" 200 41
INFO 2022-05-14 10:47:51,579 basehttp 187 "POST /api/login HTTP/1.1" 200 33
INFO 2022-05-14 10:47:55,154 basehttp 187 "POST /api/login HTTP/1.1" 200 95
INFO 2022-05-14 10:47:56,841 basehttp 187 "POST /api/login HTTP/1.1" 200 135
INFO 2022-05-14 15:11:23,311 io 515 created photo593
INFO 2022-05-14 15:11:23,313 io 515 created photo594
INFO 2022-05-14 15:13:05,374 io 515 created photo593
INFO 2022-05-14 15:13:05,376 io 515 created photo594
>>>>>>> dev
INFO 2022-05-14 20:09:55,902 comment_check 22 <Response [200]>
INFO 2022-05-14 20:09:56,976 comment_check 22 <Response [200]>
INFO 2022-05-14 20:09:58,046 comment_check 22 <Response [200]>
INFO 2022-05-14 20:09:59,148 comment_check 22 <Response [200]>
INFO 2022-05-14 20:10:00,526 comment_check 22 <Response [200]>
INFO 2022-05-14 20:10:01,404 io 545 created photo5
INFO 2022-05-14 20:10:01,414 io 545 created photo6
INFO 2022-05-14 20:24:06,101 comment_check 22 <Response [200]>
INFO 2022-05-14 20:24:06,773 comment_check 22 <Response [200]>
INFO 2022-05-14 20:24:07,837 comment_check 22 <Response [200]>
INFO 2022-05-14 20:24:08,903 comment_check 22 <Response [200]>
INFO 2022-05-14 20:24:10,317 comment_check 22 <Response [200]>
INFO 2022-05-14 20:24:11,015 io 545 created photo5
INFO 2022-05-14 20:24:11,021 io 545 created photo6
INFO 2022-05-14 20:26:48,308 comment_check 22 <Response [200]>
INFO 2022-05-14 20:26:49,320 comment_check 22 <Response [200]>
INFO 2022-05-14 20:26:50,222 comment_check 22 <Response [200]>
INFO 2022-05-14 20:26:51,718 comment_check 22 <Response [200]>
INFO 2022-05-14 20:26:53,095 comment_check 22 <Response [200]>
INFO 2022-05-14 20:26:53,805 io 545 created photo5
INFO 2022-05-14 20:26:53,811 io 545 created photo6
INFO 2022-05-14 20:28:31,573 comment_check 22 <Response [200]>
INFO 2022-05-14 20:28:32,550 comment_check 22 <Response [200]>
INFO 2022-05-14 20:28:33,551 comment_check 22 <Response [200]>
INFO 2022-05-14 20:28:34,575 comment_check 22 <Response [200]>
INFO 2022-05-14 20:28:35,905 comment_check 22 <Response [200]>
INFO 2022-05-14 20:28:36,613 io 545 created photo5
INFO 2022-05-14 20:28:36,621 io 545 created photo6
